2022-12-30 15:43:38,121 INFO begin
2022-12-30 15:51:20,983 INFO begin
2022-12-30 15:51:40,422 INFO begin
2022-12-30 15:51:41,271 DEBUG y: 0 x: 0
2022-12-30 15:51:41,582 DEBUG y: 0 x: 1
2022-12-30 15:51:41,746 DEBUG y: 0 x: 2
2022-12-30 15:51:41,913 DEBUG y: 0 x: 3
2022-12-30 15:51:42,074 DEBUG y: 0 x: 4
2022-12-30 15:51:42,258 DEBUG y: 0 x: 5
2022-12-30 15:51:42,420 DEBUG y: 0 x: 6
2022-12-30 15:51:42,496 DEBUG y: 0 x: 7
2022-12-30 15:51:42,599 DEBUG y: 0 x: 8
2022-12-30 15:51:42,722 DEBUG y: 0 x: 9
2022-12-30 15:51:42,852 DEBUG y: 0 x: 10
2022-12-30 15:52:10,885 INFO begin
2022-12-30 15:53:19,069 DEBUG y: 0 x: 0
2022-12-30 15:53:19,633 DEBUG y: 0 x: 1
2022-12-30 15:53:19,969 DEBUG y: 0 x: 2
2022-12-30 15:53:20,151 DEBUG y: 0 x: 3
2022-12-30 15:53:21,717 DEBUG y: 1 x: 0
2022-12-30 15:55:09,573 INFO begin
2022-12-30 15:55:10,200 DEBUG y: 0 x: 0
2022-12-30 15:55:10,284 DEBUG y: 0 x: 1
2022-12-30 15:55:10,431 DEBUG y: 0 x: 2
2022-12-30 15:55:10,587 DEBUG y: 0 x: 3
2022-12-30 15:55:10,762 DEBUG y: 0 x: 4
2022-12-30 15:55:11,028 DEBUG y: 0 x: 5
2022-12-30 15:55:11,229 DEBUG y: 0 x: 6
2022-12-30 15:55:11,333 DEBUG y: 0 x: 7
2022-12-30 15:55:11,390 DEBUG y: 0 x: 8
2022-12-30 15:55:11,540 DEBUG y: 0 x: 9
2022-12-30 15:55:11,624 DEBUG y: 0 x: 10
2022-12-30 15:55:13,335 DEBUG y: 1 x: 0
2022-12-30 15:55:14,936 DEBUG y: 1 x: 1
2022-12-30 15:55:15,411 DEBUG y: 1 x: 2
2022-12-30 15:55:15,622 DEBUG y: 1 x: 3
2022-12-30 15:55:16,012 DEBUG y: 1 x: 4
2022-12-30 15:55:16,188 DEBUG y: 1 x: 5
2022-12-30 15:55:16,445 DEBUG y: 1 x: 6
2022-12-30 15:55:17,561 DEBUG y: 1 x: 7
2022-12-30 15:55:17,767 DEBUG y: 1 x: 8
2022-12-30 15:55:17,891 DEBUG y: 1 x: 9
2022-12-30 15:55:18,107 DEBUG y: 1 x: 10
2022-12-30 15:55:18,239 DEBUG y: 1 x: 11
2022-12-30 15:55:21,059 DEBUG y: 2 x: 0
2022-12-30 15:55:21,526 DEBUG y: 2 x: 1
2022-12-30 15:55:21,794 DEBUG y: 2 x: 2
2022-12-30 15:55:21,975 DEBUG y: 2 x: 3
2022-12-30 15:56:03,348 INFO begin
2022-12-30 15:56:03,886 DEBUG y: 0 x: 0
2022-12-30 15:56:03,983 DEBUG y: 0 x: 1
2022-12-30 15:56:04,109 DEBUG y: 0 x: 2
2022-12-30 15:56:04,268 DEBUG y: 0 x: 3
2022-12-30 15:56:04,450 DEBUG y: 0 x: 4
2022-12-30 15:56:05,124 DEBUG y: 0 x: 4
2022-12-30 15:56:05,256 DEBUG y: 0 x: 5
2022-12-30 15:56:05,593 DEBUG y: 0 x: 6
2022-12-30 15:56:05,702 DEBUG y: 0 x: 7
2022-12-30 15:56:05,793 DEBUG y: 0 x: 8
2022-12-30 15:56:05,922 DEBUG y: 0 x: 9
2022-12-30 15:56:06,015 DEBUG y: 0 x: 10
2022-12-30 15:56:08,365 DEBUG y: 1 x: 0
2022-12-30 15:56:08,626 DEBUG y: 1 x: 1
2022-12-30 15:56:08,670 DEBUG y: 1 x: 2
2022-12-30 15:56:08,963 DEBUG y: 1 x: 3
2022-12-30 15:56:09,355 DEBUG y: 1 x: 4
2022-12-30 15:56:09,448 DEBUG y: 1 x: 5
2022-12-30 15:56:09,662 DEBUG y: 1 x: 6
2022-12-30 15:56:09,708 DEBUG y: 1 x: 7
2022-12-30 15:56:09,897 DEBUG y: 1 x: 8
2022-12-30 15:56:10,258 DEBUG y: 1 x: 9
2022-12-30 15:56:10,407 DEBUG y: 1 x: 10
2022-12-30 15:56:10,519 DEBUG y: 1 x: 11
2022-12-30 15:56:11,813 DEBUG y: 1 x: 12
2022-12-30 15:56:12,383 DEBUG y: 1 x: 13
2022-12-30 15:56:12,493 DEBUG y: 1 x: 14
2022-12-30 15:56:12,569 DEBUG y: 1 x: 15
2022-12-30 15:56:12,722 DEBUG y: 1 x: 16
2022-12-30 15:56:12,773 DEBUG y: 1 x: 17
2022-12-30 15:56:12,921 DEBUG y: 1 x: 18
2022-12-30 15:56:14,848 DEBUG y: 2 x: 0
2022-12-30 15:56:14,958 DEBUG y: 2 x: 1
2022-12-30 15:56:15,060 DEBUG y: 2 x: 2
2022-12-30 15:56:15,184 DEBUG y: 2 x: 3
2022-12-30 15:56:15,343 DEBUG y: 2 x: 4
2022-12-30 15:56:15,730 DEBUG y: 2 x: 5
2022-12-30 15:56:15,810 DEBUG y: 2 x: 6
2022-12-30 15:56:16,006 DEBUG y: 2 x: 7
2022-12-30 15:56:16,085 DEBUG y: 2 x: 8
2022-12-30 15:56:20,161 INFO begin
2022-12-30 15:56:21,171 DEBUG y: 0 x: 0
2022-12-30 15:56:21,286 DEBUG y: 0 x: 1
2022-12-30 15:56:21,413 DEBUG y: 0 x: 2
2022-12-30 15:56:21,586 DEBUG y: 0 x: 3
2022-12-30 15:56:21,768 DEBUG y: 0 x: 4
2022-12-30 15:56:21,898 DEBUG y: 0 x: 5
2022-12-30 15:56:22,130 DEBUG y: 0 x: 6
2022-12-30 15:56:22,196 DEBUG y: 0 x: 7
2022-12-30 15:56:22,319 DEBUG y: 0 x: 8
2022-12-30 15:56:22,406 DEBUG y: 0 x: 9
2022-12-30 15:56:22,520 DEBUG y: 0 x: 10
2022-12-30 15:56:23,123 DEBUG y: 1 x: 0
2022-12-30 15:56:23,532 DEBUG y: 1 x: 1
2022-12-30 15:56:24,238 DEBUG y: 1 x: 2
2022-12-30 15:56:25,948 DEBUG y: 1 x: 3
2022-12-30 15:56:26,207 DEBUG y: 1 x: 4
2022-12-30 15:56:26,346 DEBUG y: 1 x: 5
2022-12-30 15:56:26,544 DEBUG y: 1 x: 6
2022-12-30 15:56:27,187 DEBUG y: 1 x: 7
2022-12-30 15:56:27,529 DEBUG y: 1 x: 8
2022-12-30 15:56:27,762 DEBUG y: 1 x: 9
2022-12-30 15:56:28,340 DEBUG y: 1 x: 10
2022-12-30 15:56:28,534 DEBUG y: 1 x: 11
2022-12-30 15:56:28,691 DEBUG y: 1 x: 12
2022-12-30 15:56:28,825 DEBUG y: 1 x: 13
2022-12-30 15:56:29,002 DEBUG y: 1 x: 14
2022-12-30 15:56:29,066 DEBUG y: 1 x: 15
2022-12-30 15:56:29,266 DEBUG y: 1 x: 16
2022-12-30 15:58:16,705 INFO begin
2022-12-30 15:58:17,183 DEBUG y: 0 x: 0
2022-12-30 15:58:17,347 DEBUG y: 0 x: 1
2022-12-30 15:58:17,419 DEBUG y: 0 x: 2
2022-12-30 15:58:17,522 DEBUG y: 0 x: 3
2022-12-30 15:58:17,654 DEBUG y: 0 x: 4
2022-12-30 15:58:17,754 DEBUG y: 0 x: 5
2022-12-30 15:58:17,806 DEBUG y: 0 x: 6
2022-12-30 15:58:17,955 DEBUG y: 0 x: 7
2022-12-30 15:58:18,273 DEBUG y: 0 x: 8
2022-12-30 15:58:18,351 DEBUG y: 0 x: 9
2022-12-30 15:58:18,505 DEBUG y: 0 x: 10
2022-12-30 15:58:18,604 DEBUG y: 0 x: 11
2022-12-30 15:58:18,734 DEBUG y: 0 x: 12
2022-12-30 15:58:18,863 DEBUG y: 0 x: 13
2022-12-30 15:58:18,899 DEBUG y: 0 x: 14
2022-12-30 15:58:20,217 DEBUG y: 0 x: 13
2022-12-30 15:58:20,678 DEBUG y: 0 x: 14
2022-12-30 15:58:20,763 DEBUG y: 0 x: 15
2022-12-30 15:58:20,893 DEBUG y: 0 x: 16
2022-12-30 15:58:21,023 DEBUG y: 0 x: 17
2022-12-30 15:58:21,202 DEBUG y: 0 x: 18
2022-12-30 15:58:21,414 DEBUG y: 0 x: 19
2022-12-30 15:58:21,442 DEBUG y: 0 x: 20
2022-12-30 15:58:21,567 DEBUG y: 0 x: 21
2022-12-30 15:58:21,773 DEBUG y: 0 x: 22
2022-12-30 15:58:22,117 DEBUG y: 0 x: 23
2022-12-30 15:58:22,441 DEBUG y: 0 x: 24
2022-12-30 15:58:23,478 DEBUG y: 1 x: 24
2022-12-30 15:58:23,590 DEBUG y: 1 x: 25
2022-12-30 15:58:23,919 DEBUG y: 1 x: 26
2022-12-30 15:58:24,313 DEBUG y: 1 x: 27
2022-12-30 15:58:24,476 DEBUG y: 1 x: 28
2022-12-30 15:58:24,573 DEBUG y: 1 x: 29
2022-12-30 15:58:24,660 DEBUG y: 1 x: 30
2022-12-30 15:58:24,886 DEBUG y: 1 x: 31
2022-12-30 15:58:24,988 DEBUG y: 1 x: 32
2022-12-30 15:58:25,093 DEBUG y: 1 x: 33
2022-12-30 15:58:26,051 DEBUG y: 1 x: 34
2022-12-30 15:58:26,280 DEBUG y: 1 x: 35
2022-12-30 15:58:26,382 DEBUG y: 1 x: 36
2022-12-30 15:58:26,512 DEBUG y: 1 x: 37
2022-12-30 15:58:28,177 DEBUG y: 1 x: 38
2022-12-30 15:58:29,103 DEBUG y: 2 x: 38
2022-12-30 15:58:29,416 DEBUG y: 2 x: 39
2022-12-30 15:58:29,605 DEBUG y: 2 x: 40
2022-12-30 15:58:29,737 DEBUG y: 2 x: 41
2022-12-30 15:58:30,329 DEBUG y: 2 x: 42
2022-12-30 15:58:30,375 DEBUG y: 2 x: 43
2022-12-30 15:58:30,484 DEBUG y: 2 x: 44
2022-12-30 15:58:30,639 DEBUG y: 2 x: 45
2022-12-30 15:58:30,673 DEBUG y: 2 x: 46
2022-12-30 15:58:30,919 DEBUG y: 2 x: 47
2022-12-30 15:58:31,075 DEBUG y: 2 x: 48
2022-12-30 15:58:31,087 DEBUG y: 2 x: 49
2022-12-30 15:58:31,265 DEBUG y: 2 x: 50
2022-12-30 15:58:32,760 DEBUG y: 2 x: 49
2022-12-30 15:58:33,053 DEBUG y: 2 x: 50
2022-12-30 15:58:34,633 DEBUG y: 2 x: 49
2022-12-30 15:58:56,976 DEBUG y: 2 x: 50
2022-12-30 15:58:57,450 DEBUG y: 3 x: 50
2022-12-30 15:58:57,624 DEBUG y: 4 x: 50
2022-12-30 15:58:58,246 DEBUG y: 5 x: 50
2022-12-30 15:58:58,478 DEBUG y: 5 x: 51
2022-12-30 15:58:58,555 DEBUG y: 5 x: 52
2022-12-30 17:21:02,628 INFO begin
2022-12-30 17:21:03,210 DEBUG y: 0 x: 0
2022-12-30 17:21:03,355 DEBUG y: 0 x: 1
2022-12-30 17:21:03,504 DEBUG y: 0 x: 2
2022-12-30 17:21:03,683 DEBUG y: 0 x: 3
2022-12-30 17:21:04,170 DEBUG y: 0 x: 4
2022-12-30 17:21:04,335 DEBUG y: 0 x: 5
2022-12-30 17:21:04,534 DEBUG y: 0 x: 6
2022-12-30 17:21:04,647 DEBUG y: 0 x: 7
2022-12-30 17:21:04,747 DEBUG y: 0 x: 8
2022-12-30 17:21:04,879 DEBUG y: 0 x: 9
2022-12-30 17:21:05,000 DEBUG y: 0 x: 10
2022-12-30 17:21:05,836 DEBUG y: 0 x: 11
2022-12-30 17:21:08,299 DEBUG y: 1 x: 11
2022-12-30 17:21:08,525 DEBUG y: 1 x: 12
2022-12-30 17:21:08,527 DEBUG y: 1 x: 13
2022-12-30 17:21:08,661 DEBUG y: 1 x: 14
2022-12-30 17:21:09,647 DEBUG y: 1 x: 15
2022-12-30 17:21:09,798 DEBUG y: 1 x: 16
2022-12-30 17:21:10,113 DEBUG y: 1 x: 17
2022-12-30 17:21:10,355 DEBUG y: 1 x: 18
2022-12-30 17:21:10,839 DEBUG y: 1 x: 19
2022-12-30 17:21:12,220 DEBUG y: 2 x: 19
2022-12-30 17:21:12,375 DEBUG y: 2 x: 20
2022-12-30 17:21:12,602 DEBUG y: 2 x: 21
2022-12-30 17:21:12,803 DEBUG y: 2 x: 22
2022-12-30 17:21:14,500 DEBUG y: 2 x: 23
2022-12-30 17:21:14,554 DEBUG y: 2 x: 24
2022-12-30 17:21:15,332 DEBUG y: 2 x: 25
2022-12-30 17:21:15,666 DEBUG y: 2 x: 26
2022-12-30 17:21:15,826 DEBUG y: 2 x: 27
2022-12-30 17:21:18,864 DEBUG y: 2 x: 4
2022-12-30 17:21:19,065 DEBUG y: 2 x: 5
2022-12-30 17:21:19,299 DEBUG y: 2 x: 6
2022-12-30 17:21:19,490 DEBUG y: 2 x: 7
2022-12-30 17:21:19,682 DEBUG y: 2 x: 8
2022-12-30 17:21:22,177 INFO begin
2022-12-30 17:21:23,330 DEBUG y: 0 x: 0
2022-12-30 17:21:23,427 DEBUG y: 0 x: 1
2022-12-30 17:21:23,537 DEBUG y: 0 x: 2
2022-12-30 17:21:23,720 DEBUG y: 0 x: 3
2022-12-30 17:21:23,901 DEBUG y: 0 x: 4
2022-12-30 17:21:24,802 DEBUG y: 0 x: 5
2022-12-30 17:21:25,689 DEBUG y: 0 x: 6
2022-12-30 17:21:25,900 DEBUG y: 0 x: 7
2022-12-30 17:21:26,031 DEBUG y: 0 x: 8
2022-12-30 17:21:26,242 DEBUG y: 0 x: 9
2022-12-30 17:21:26,364 DEBUG y: 0 x: 10
2022-12-30 17:21:28,247 DEBUG y: 0 x: 6
2022-12-30 17:21:28,431 DEBUG y: 0 x: 7
2022-12-30 17:21:29,411 DEBUG y: 0 x: 8
2022-12-30 17:21:29,694 DEBUG y: 0 x: 9
2022-12-30 17:21:32,353 DEBUG y: 0 x: 10
2023-01-01 12:38:31,638 INFO begin
2023-01-01 12:38:32,496 DEBUG y: 0 x: 0
2023-01-01 12:38:32,605 DEBUG y: 0 x: 1
2023-01-01 12:38:32,755 DEBUG y: 0 x: 2
2023-01-01 12:38:32,897 DEBUG y: 0 x: 3
2023-01-01 12:38:33,098 DEBUG y: 0 x: 4
2023-01-01 12:38:33,133 DEBUG y: 0 x: 5
2023-01-01 12:38:33,704 DEBUG y: 0 x: 6
2023-01-01 12:38:33,803 DEBUG y: 0 x: 7
2023-01-01 12:38:33,883 DEBUG y: 0 x: 8
2023-01-01 12:38:34,014 DEBUG y: 0 x: 9
2023-01-01 12:38:34,110 DEBUG y: 0 x: 10
2023-01-01 12:38:34,240 DEBUG y: 0 x: 11
2023-01-01 12:38:34,865 DEBUG y: 1 x: 0
2023-01-01 12:38:34,985 DEBUG y: 1 x: 1
2023-01-01 12:38:35,053 DEBUG y: 1 x: 2
2023-01-01 12:38:35,147 DEBUG y: 1 x: 3
2023-01-01 12:38:35,219 DEBUG y: 1 x: 4
2023-01-01 12:38:35,380 DEBUG y: 1 x: 5
2023-01-01 12:38:35,453 DEBUG y: 1 x: 6
2023-01-01 12:38:35,565 DEBUG y: 1 x: 7
2023-01-01 12:38:35,795 DEBUG y: 1 x: 8
2023-01-01 12:38:35,874 DEBUG y: 1 x: 9
2023-01-01 12:38:36,003 DEBUG y: 1 x: 10
2023-01-01 12:38:36,165 DEBUG y: 1 x: 11
2023-01-01 12:38:36,293 DEBUG y: 1 x: 12
2023-01-01 12:38:36,392 DEBUG y: 1 x: 13
2023-01-01 12:38:36,524 DEBUG y: 1 x: 14
2023-01-01 12:38:36,661 DEBUG y: 1 x: 15
2023-01-01 12:38:36,911 DEBUG y: 1 x: 16
2023-01-01 12:38:37,865 DEBUG y: 2 x: 0
2023-01-01 12:38:37,951 DEBUG y: 2 x: 1
2023-01-01 12:38:38,056 DEBUG y: 2 x: 2
2023-01-01 12:38:38,212 DEBUG y: 2 x: 3
2023-01-01 12:38:38,544 DEBUG y: 2 x: 4
2023-01-01 12:38:38,830 DEBUG y: 2 x: 5
2023-01-01 12:38:39,115 DEBUG y: 2 x: 6
2023-01-01 12:38:39,197 DEBUG y: 2 x: 7
2023-01-01 12:38:39,324 DEBUG y: 2 x: 8
2023-01-01 12:38:39,523 DEBUG y: 2 x: 9
2023-01-01 12:38:39,610 DEBUG y: 2 x: 10
2023-01-01 12:38:40,316 DEBUG y: 2 x: 11
2023-01-01 12:38:40,515 DEBUG y: 2 x: 12
2023-01-01 12:39:26,651 INFO begin
2023-01-01 12:39:27,741 DEBUG h
2023-01-01 12:39:27,741 DEBUG y: 0 x: 0
2023-01-01 12:39:28,213 DEBUG e
2023-01-01 12:39:28,214 DEBUG y: 0 x: 1
2023-01-01 12:39:28,421 DEBUG e
2023-01-01 12:39:28,421 DEBUG y: 0 x: 2
2023-01-01 12:39:28,597 DEBUG l
2023-01-01 12:39:28,597 DEBUG y: 0 x: 3
2023-01-01 12:39:28,784 DEBUG o
2023-01-01 12:39:28,784 DEBUG y: 0 x: 4
2023-01-01 12:39:29,045 DEBUG  
2023-01-01 12:39:29,045 DEBUG y: 0 x: 5
2023-01-01 12:39:29,177 DEBUG w
2023-01-01 12:39:29,177 DEBUG y: 0 x: 6
2023-01-01 12:39:29,281 DEBUG o
2023-01-01 12:39:29,281 DEBUG y: 0 x: 7
2023-01-01 12:39:29,359 DEBUG r
2023-01-01 12:39:29,359 DEBUG y: 0 x: 8
2023-01-01 12:39:29,483 DEBUG l
2023-01-01 12:39:29,483 DEBUG y: 0 x: 9
2023-01-01 12:39:29,556 DEBUG d
2023-01-01 12:39:29,556 DEBUG y: 0 x: 10
2023-01-01 12:39:30,729 DEBUG 

2023-01-01 12:39:30,729 DEBUG y: 0 x: 11
2023-01-01 12:39:32,382 DEBUG g
2023-01-01 12:39:32,382 DEBUG y: 1 x: 0
2023-01-01 12:39:32,526 DEBUG o
2023-01-01 12:39:32,526 DEBUG y: 1 x: 1
2023-01-01 12:39:32,705 DEBUG o
2023-01-01 12:39:32,705 DEBUG y: 1 x: 2
2023-01-01 12:39:32,811 DEBUG d
2023-01-01 12:39:32,811 DEBUG y: 1 x: 3
2023-01-01 12:39:32,914 DEBUG  
2023-01-01 12:39:32,914 DEBUG y: 1 x: 4
2023-01-01 12:39:33,372 DEBUG l
2023-01-01 12:39:33,372 DEBUG y: 1 x: 5
2023-01-01 12:39:33,554 DEBUG o
2023-01-01 12:39:33,554 DEBUG y: 1 x: 6
2023-01-01 12:39:33,735 DEBUG r
2023-01-01 12:39:33,735 DEBUG y: 1 x: 7
2023-01-01 12:39:34,046 DEBUG d
2023-01-01 12:39:34,046 DEBUG y: 1 x: 8
2023-01-01 12:39:34,713 DEBUG 259
2023-01-01 12:39:36,883 DEBUG 258
2023-01-01 12:39:38,051 DEBUG 260
2023-01-01 12:39:39,001 DEBUG 261
2023-01-01 12:39:41,742 DEBUG 259
2023-01-01 12:39:57,374 INFO begin
2023-01-01 12:39:58,013 DEBUG h
2023-01-01 12:39:58,013 DEBUG y: 0 x: 0
2023-01-01 12:39:58,085 DEBUG e
2023-01-01 12:39:58,085 DEBUG y: 0 x: 1
2023-01-01 12:39:58,246 DEBUG l
2023-01-01 12:39:58,246 DEBUG y: 0 x: 2
2023-01-01 12:39:58,396 DEBUG l
2023-01-01 12:39:58,396 DEBUG y: 0 x: 3
2023-01-01 12:39:58,557 DEBUG o
2023-01-01 12:39:58,557 DEBUG y: 0 x: 4
2023-01-01 12:39:58,713 DEBUG  
2023-01-01 12:39:58,713 DEBUG y: 0 x: 5
2023-01-01 12:39:58,967 DEBUG w
2023-01-01 12:39:58,967 DEBUG y: 0 x: 6
2023-01-01 12:39:59,051 DEBUG o
2023-01-01 12:39:59,051 DEBUG y: 0 x: 7
2023-01-01 12:39:59,128 DEBUG r
2023-01-01 12:39:59,128 DEBUG y: 0 x: 8
2023-01-01 12:39:59,251 DEBUG l
2023-01-01 12:39:59,252 DEBUG y: 0 x: 9
2023-01-01 12:39:59,362 DEBUG d
2023-01-01 12:39:59,362 DEBUG y: 0 x: 10
2023-01-01 12:39:59,447 DEBUG  
2023-01-01 12:39:59,447 DEBUG y: 0 x: 11
2023-01-01 12:39:59,953 DEBUG 263
2023-01-01 12:40:00,278 DEBUG 

2023-01-01 12:40:00,278 DEBUG y: 0 x: 11
2023-01-01 12:40:00,528 DEBUG w
2023-01-01 12:40:00,528 DEBUG y: 1 x: 0
2023-01-01 12:40:00,640 DEBUG h
2023-01-01 12:40:00,640 DEBUG y: 1 x: 1
2023-01-01 12:40:00,790 DEBUG a
2023-01-01 12:40:00,790 DEBUG y: 1 x: 2
2023-01-01 12:40:00,943 DEBUG t
2023-01-01 12:40:00,943 DEBUG y: 1 x: 3
2023-01-01 12:40:01,144 DEBUG  
2023-01-01 12:40:01,144 DEBUG y: 1 x: 4
2023-01-01 12:40:01,462 DEBUG i
2023-01-01 12:40:01,462 DEBUG y: 1 x: 5
2023-01-01 12:40:01,516 DEBUG s
2023-01-01 12:40:01,516 DEBUG y: 1 x: 6
2023-01-01 12:40:01,621 DEBUG  
2023-01-01 12:40:01,621 DEBUG y: 1 x: 7
2023-01-01 12:40:01,773 DEBUG g
2023-01-01 12:40:01,773 DEBUG y: 1 x: 8
2023-01-01 12:40:01,819 DEBUG o
2023-01-01 12:40:01,819 DEBUG y: 1 x: 9
2023-01-01 12:40:01,963 DEBUG i
2023-01-01 12:40:01,963 DEBUG y: 1 x: 10
2023-01-01 12:40:02,135 DEBUG n
2023-01-01 12:40:02,136 DEBUG y: 1 x: 11
2023-01-01 12:40:02,318 DEBUG g
2023-01-01 12:40:02,318 DEBUG y: 1 x: 12
2023-01-01 12:40:02,424 DEBUG  
2023-01-01 12:40:02,424 DEBUG y: 1 x: 13
2023-01-01 12:40:02,680 DEBUG o
2023-01-01 12:40:02,681 DEBUG y: 1 x: 14
2023-01-01 12:40:02,856 DEBUG n
2023-01-01 12:40:02,856 DEBUG y: 1 x: 15
2023-01-01 12:40:03,295 DEBUG 259
2023-01-01 12:40:03,579 DEBUG 260
2023-01-01 12:40:03,758 DEBUG 260
2023-01-01 12:40:03,922 DEBUG 260
2023-01-01 12:40:04,426 DEBUG 260
2023-01-01 12:40:04,454 DEBUG 260
2023-01-01 12:40:04,490 DEBUG 260
2023-01-01 12:40:04,513 DEBUG 260
2023-01-01 12:40:04,547 DEBUG 260
2023-01-01 12:40:04,574 DEBUG 260
2023-01-01 12:40:04,603 DEBUG 260
2023-01-01 12:40:04,635 DEBUG 260
2023-01-01 12:40:04,664 DEBUG 260
2023-01-01 12:40:04,694 DEBUG 260
2023-01-01 12:40:05,008 DEBUG 261
2023-01-01 12:40:05,196 DEBUG 261
2023-01-01 12:40:05,364 DEBUG 261
2023-01-01 12:40:05,716 DEBUG 

2023-01-01 12:40:05,716 DEBUG y: 0 x: 6
2023-01-01 12:40:06,777 DEBUG 

2023-01-01 12:40:06,777 DEBUG y: 1 x: 0
2023-01-01 12:40:07,674 DEBUG k
2023-01-01 12:40:07,674 DEBUG y: 2 x: 0
2023-01-01 12:40:08,560 DEBUG s
2023-01-01 12:40:08,560 DEBUG y: 2 x: 1
2023-01-01 12:40:08,627 DEBUG k
2023-01-01 12:40:08,627 DEBUG y: 2 x: 2
2023-01-01 12:40:08,713 DEBUG f
2023-01-01 12:40:08,713 DEBUG y: 2 x: 3
2023-01-01 12:40:08,715 DEBUG j
2023-01-01 12:40:08,715 DEBUG y: 2 x: 4
2023-01-01 12:40:08,873 DEBUG s
2023-01-01 12:40:08,873 DEBUG y: 2 x: 5
2023-01-01 12:40:08,875 DEBUG k
2023-01-01 12:40:08,875 DEBUG y: 2 x: 6
2023-01-01 12:40:08,970 DEBUG e
2023-01-01 12:40:08,970 DEBUG y: 2 x: 7
2023-01-01 12:40:09,022 DEBUG f
2023-01-01 12:40:09,022 DEBUG y: 2 x: 8
2023-01-01 12:40:09,057 DEBUG j
2023-01-01 12:40:09,057 DEBUG y: 2 x: 9
2023-01-01 12:40:12,805 INFO begin
2023-01-01 12:40:13,396 DEBUG h
2023-01-01 12:40:13,396 DEBUG y: 0 x: 0
2023-01-01 12:40:13,480 DEBUG e
2023-01-01 12:40:13,481 DEBUG y: 0 x: 1
2023-01-01 12:40:13,629 DEBUG l
2023-01-01 12:40:13,629 DEBUG y: 0 x: 2
2023-01-01 12:40:13,810 DEBUG l
2023-01-01 12:40:13,810 DEBUG y: 0 x: 3
2023-01-01 12:40:14,090 DEBUG o
2023-01-01 12:40:14,090 DEBUG y: 0 x: 4
2023-01-01 12:40:14,348 DEBUG  
2023-01-01 12:40:14,348 DEBUG y: 0 x: 5
2023-01-01 12:40:14,505 DEBUG w
2023-01-01 12:40:14,505 DEBUG y: 0 x: 6
2023-01-01 12:40:14,582 DEBUG o
2023-01-01 12:40:14,582 DEBUG y: 0 x: 7
2023-01-01 12:40:14,692 DEBUG r
2023-01-01 12:40:14,692 DEBUG y: 0 x: 8
2023-01-01 12:40:14,792 DEBUG l
2023-01-01 12:40:14,792 DEBUG y: 0 x: 9
2023-01-01 12:40:14,909 DEBUG d
2023-01-01 12:40:14,909 DEBUG y: 0 x: 10
2023-01-01 12:40:15,302 DEBUG 260
2023-01-01 12:40:15,991 DEBUG 260
2023-01-01 12:40:16,154 DEBUG 260
2023-01-01 12:40:16,303 DEBUG 260
2023-01-01 12:40:16,853 DEBUG 260
2023-01-01 12:40:17,792 DEBUG 

2023-01-01 12:40:17,792 DEBUG y: 0 x: 6
2023-01-01 12:40:20,714 DEBUG h
2023-01-01 12:40:20,714 DEBUG y: 1 x: 0
2023-01-01 12:40:21,156 DEBUG m
2023-01-01 12:40:21,157 DEBUG y: 1 x: 1
2023-01-01 12:40:21,433 DEBUG m
2023-01-01 12:40:21,433 DEBUG y: 1 x: 2
2023-01-01 12:40:21,673 DEBUG m
2023-01-01 12:40:21,673 DEBUG y: 1 x: 3
2023-01-01 12:40:33,984 DEBUG s
2023-01-01 12:40:33,984 DEBUG y: 1 x: 4
2023-01-01 12:40:35,487 DEBUG 
2023-01-01 12:40:35,487 DEBUG y: 1 x: 5
2023-01-01 12:40:35,715 DEBUG 
2023-01-01 12:40:35,715 DEBUG y: 1 x: 6
2023-01-01 12:40:35,922 DEBUG 
2023-01-01 12:40:35,922 DEBUG y: 1 x: 7
2023-01-01 12:40:38,041 INFO begin
2023-01-01 12:40:38,889 DEBUG w
2023-01-01 12:40:38,889 DEBUG y: 0 x: 0
2023-01-01 12:40:39,077 DEBUG a
2023-01-01 12:40:39,077 DEBUG y: 0 x: 1
2023-01-01 12:40:39,087 DEBUG h
2023-01-01 12:40:39,088 DEBUG y: 0 x: 2
2023-01-01 12:40:39,198 DEBUG t
2023-01-01 12:40:39,198 DEBUG y: 0 x: 3
2023-01-01 12:40:39,302 DEBUG  
2023-01-01 12:40:39,302 DEBUG y: 0 x: 4
2023-01-01 12:40:39,486 DEBUG i
2023-01-01 12:40:39,486 DEBUG y: 0 x: 5
2023-01-01 12:40:39,571 DEBUG s
2023-01-01 12:40:39,571 DEBUG y: 0 x: 6
2023-01-01 12:40:39,665 DEBUG  
2023-01-01 12:40:39,665 DEBUG y: 0 x: 7
2023-01-01 12:40:40,391 DEBUG g
2023-01-01 12:40:40,391 DEBUG y: 0 x: 8
2023-01-01 12:40:40,618 DEBUG o
2023-01-01 12:40:40,618 DEBUG y: 0 x: 9
2023-01-01 12:40:40,711 DEBUG i
2023-01-01 12:40:40,711 DEBUG y: 0 x: 10
2023-01-01 12:40:40,903 DEBUG n
2023-01-01 12:40:40,904 DEBUG y: 0 x: 11
2023-01-01 12:40:41,018 DEBUG g
2023-01-01 12:40:41,018 DEBUG y: 0 x: 12
2023-01-01 12:40:41,085 DEBUG  
2023-01-01 12:40:41,085 DEBUG y: 0 x: 13
2023-01-01 12:40:41,227 DEBUG o
2023-01-01 12:40:41,227 DEBUG y: 0 x: 14
2023-01-01 12:40:41,376 DEBUG n
2023-01-01 12:40:41,376 DEBUG y: 0 x: 15
2023-01-01 12:40:41,758 DEBUG 260
2023-01-01 12:40:41,993 DEBUG 260
2023-01-01 12:40:42,162 DEBUG 260
2023-01-01 12:40:42,336 DEBUG 260
2023-01-01 12:40:42,533 DEBUG 260
2023-01-01 12:40:42,723 DEBUG 260
2023-01-01 12:40:42,910 DEBUG 260
2023-01-01 12:40:43,085 DEBUG 260
2023-01-01 12:40:43,598 DEBUG 

2023-01-01 12:40:43,598 DEBUG y: 0 x: 8
2023-01-01 12:40:46,353 DEBUG f
2023-01-01 12:40:46,353 DEBUG y: 1 x: 0
2023-01-01 12:42:09,894 INFO begin
2023-01-01 12:42:10,740 DEBUG h
2023-01-01 12:42:10,741 DEBUG new locations - y: 0 x: 0
2023-01-01 12:42:10,825 DEBUG e
2023-01-01 12:42:10,825 DEBUG new locations - y: 0 x: 1
2023-01-01 12:42:10,956 DEBUG l
2023-01-01 12:42:10,957 DEBUG new locations - y: 0 x: 2
2023-01-01 12:42:11,182 DEBUG o
2023-01-01 12:42:11,182 DEBUG new locations - y: 0 x: 3
2023-01-01 12:42:12,089 DEBUG  
2023-01-01 12:42:12,089 DEBUG new locations - y: 0 x: 4
2023-01-01 12:42:12,219 DEBUG w
2023-01-01 12:42:12,219 DEBUG new locations - y: 0 x: 5
2023-01-01 12:42:12,303 DEBUG o
2023-01-01 12:42:12,303 DEBUG new locations - y: 0 x: 6
2023-01-01 12:42:12,404 DEBUG r
2023-01-01 12:42:12,404 DEBUG new locations - y: 0 x: 7
2023-01-01 12:42:12,532 DEBUG l
2023-01-01 12:42:12,532 DEBUG new locations - y: 0 x: 8
2023-01-01 12:42:12,660 DEBUG d
2023-01-01 12:42:12,660 DEBUG new locations - y: 0 x: 9
2023-01-01 12:42:13,911 DEBUG 260
2023-01-01 12:42:13,912 DEBUG new locations - y: 0 x: 10
2023-01-01 12:42:14,134 DEBUG 260
2023-01-01 12:42:14,135 DEBUG new locations - y: 0 x: 9
2023-01-01 12:42:14,346 DEBUG 260
2023-01-01 12:42:14,346 DEBUG new locations - y: 0 x: 8
2023-01-01 12:42:14,557 DEBUG 260
2023-01-01 12:42:14,557 DEBUG new locations - y: 0 x: 7
2023-01-01 12:42:14,774 DEBUG 260
2023-01-01 12:42:14,774 DEBUG new locations - y: 0 x: 6
2023-01-01 12:42:16,813 DEBUG 

2023-01-01 12:42:16,813 DEBUG new locations - y: 0 x: 5
2023-01-01 12:43:14,838 INFO begin
2023-01-01 12:43:15,393 DEBUG h
2023-01-01 12:43:15,393 DEBUG new locations - y: 0 x: 0
2023-01-01 12:43:15,472 DEBUG e
2023-01-01 12:43:15,472 DEBUG new locations - y: 0 x: 1
2023-01-01 12:43:15,626 DEBUG l
2023-01-01 12:43:15,626 DEBUG new locations - y: 0 x: 2
2023-01-01 12:43:15,789 DEBUG l
2023-01-01 12:43:15,789 DEBUG new locations - y: 0 x: 3
2023-01-01 12:43:15,964 DEBUG o
2023-01-01 12:43:15,964 DEBUG new locations - y: 0 x: 4
2023-01-01 12:43:16,146 DEBUG  
2023-01-01 12:43:16,146 DEBUG new locations - y: 0 x: 5
2023-01-01 12:43:16,295 DEBUG w
2023-01-01 12:43:16,295 DEBUG new locations - y: 0 x: 6
2023-01-01 12:43:16,373 DEBUG o
2023-01-01 12:43:16,373 DEBUG new locations - y: 0 x: 7
2023-01-01 12:43:16,438 DEBUG r
2023-01-01 12:43:16,438 DEBUG new locations - y: 0 x: 8
2023-01-01 12:43:16,563 DEBUG l
2023-01-01 12:43:16,563 DEBUG new locations - y: 0 x: 9
2023-01-01 12:43:16,658 DEBUG d
2023-01-01 12:43:16,658 DEBUG new locations - y: 0 x: 10
2023-01-01 12:43:17,232 DEBUG 260
2023-01-01 12:43:17,232 DEBUG new locations - y: 0 x: 11
2023-01-01 12:43:17,733 DEBUG 260
2023-01-01 12:43:17,734 DEBUG new locations - y: 0 x: 10
2023-01-01 12:43:17,881 DEBUG 260
2023-01-01 12:43:17,881 DEBUG new locations - y: 0 x: 9
2023-01-01 12:43:18,044 DEBUG 260
2023-01-01 12:43:18,044 DEBUG new locations - y: 0 x: 8
2023-01-01 12:43:18,194 DEBUG 260
2023-01-01 12:43:18,194 DEBUG new locations - y: 0 x: 7
2023-01-01 12:43:19,173 DEBUG 

2023-01-01 12:43:19,173 DEBUG new line detected
2023-01-01 12:43:19,173 DEBUG new locations - y: 0 x: 6
2023-01-01 12:44:03,495 INFO begin
2023-01-01 12:44:04,236 DEBUG m
2023-01-01 12:44:04,236 DEBUG new locations - y: 0 x: 0
2023-01-01 12:44:04,474 DEBUG u
2023-01-01 12:44:04,474 DEBUG new locations - y: 0 x: 1
2023-01-01 12:44:04,702 DEBUG l
2023-01-01 12:44:04,702 DEBUG new locations - y: 0 x: 2
2023-01-01 12:44:04,776 DEBUG t
2023-01-01 12:44:04,776 DEBUG new locations - y: 0 x: 3
2023-01-01 12:44:04,886 DEBUG i
2023-01-01 12:44:04,887 DEBUG new locations - y: 0 x: 4
2023-01-01 12:44:05,218 DEBUG p
2023-01-01 12:44:05,218 DEBUG new locations - y: 0 x: 5
2023-01-01 12:44:05,450 DEBUG l
2023-01-01 12:44:05,450 DEBUG new locations - y: 0 x: 6
2023-01-01 12:44:05,561 DEBUG e
2023-01-01 12:44:05,561 DEBUG new locations - y: 0 x: 7
2023-01-01 12:44:05,710 DEBUG  
2023-01-01 12:44:05,710 DEBUG new locations - y: 0 x: 8
2023-01-01 12:44:05,874 DEBUG l
2023-01-01 12:44:05,874 DEBUG new locations - y: 0 x: 9
2023-01-01 12:44:06,047 DEBUG i
2023-01-01 12:44:06,047 DEBUG new locations - y: 0 x: 10
2023-01-01 12:44:06,207 DEBUG n
2023-01-01 12:44:06,207 DEBUG new locations - y: 0 x: 11
2023-01-01 12:44:06,285 DEBUG e
2023-01-01 12:44:06,285 DEBUG new locations - y: 0 x: 12
2023-01-01 12:44:06,539 DEBUG 260
2023-01-01 12:44:06,539 DEBUG new locations - y: 0 x: 13
2023-01-01 12:44:06,734 DEBUG 260
2023-01-01 12:44:06,734 DEBUG new locations - y: 0 x: 12
2023-01-01 12:44:06,897 DEBUG 260
2023-01-01 12:44:06,898 DEBUG new locations - y: 0 x: 11
2023-01-01 12:44:07,042 DEBUG 260
2023-01-01 12:44:07,042 DEBUG new locations - y: 0 x: 10
2023-01-01 12:44:07,856 DEBUG 

2023-01-01 12:44:07,856 DEBUG new line detected
2023-01-01 12:44:07,856 DEBUG new locations - y: 0 x: 9
2023-01-01 12:46:35,377 INFO begin
2023-01-01 12:46:35,911 DEBUG h
2023-01-01 12:46:35,911 DEBUG new locations - y: 0 x: 1
2023-01-01 12:46:36,002 DEBUG e
2023-01-01 12:46:36,002 DEBUG new locations - y: 0 x: 2
2023-01-01 12:46:36,378 DEBUG e
2023-01-01 12:46:36,378 DEBUG new locations - y: 0 x: 3
2023-01-01 12:46:36,764 DEBUG 263
2023-01-01 12:46:36,764 DEBUG new locations - y: 0 x: 2
2023-01-01 12:46:37,019 DEBUG l
2023-01-01 12:46:37,019 DEBUG new locations - y: 0 x: 3
2023-01-01 12:46:37,176 DEBUG l
2023-01-01 12:46:37,177 DEBUG new locations - y: 0 x: 4
2023-01-01 12:46:37,382 DEBUG o
2023-01-01 12:46:37,382 DEBUG new locations - y: 0 x: 5
2023-01-01 12:46:37,542 DEBUG  
2023-01-01 12:46:37,542 DEBUG new locations - y: 0 x: 6
2023-01-01 12:46:37,668 DEBUG w
2023-01-01 12:46:37,668 DEBUG new locations - y: 0 x: 7
2023-01-01 12:46:37,739 DEBUG o
2023-01-01 12:46:37,739 DEBUG new locations - y: 0 x: 8
2023-01-01 12:46:37,828 DEBUG r
2023-01-01 12:46:37,828 DEBUG new locations - y: 0 x: 9
2023-01-01 12:46:37,929 DEBUG l
2023-01-01 12:46:37,929 DEBUG new locations - y: 0 x: 10
2023-01-01 12:46:38,038 DEBUG d
2023-01-01 12:46:38,038 DEBUG new locations - y: 0 x: 11
2023-01-01 12:46:38,160 DEBUG  
2023-01-01 12:46:38,160 DEBUG new locations - y: 0 x: 12
2023-01-01 12:46:38,569 DEBUG 263
2023-01-01 12:46:38,570 DEBUG new locations - y: 0 x: 11
2023-01-01 12:46:39,322 DEBUG 

2023-01-01 12:46:39,322 DEBUG new line detected
2023-01-01 12:46:39,322 DEBUG new locations - y: 1 x: 0
2023-01-01 12:46:40,347 DEBUG w
2023-01-01 12:46:40,347 DEBUG multiple lines detected
2023-01-01 12:46:40,347 DEBUG new locations - y: 1 x: 1
2023-01-01 12:46:40,469 DEBUG h
2023-01-01 12:46:40,469 DEBUG multiple lines detected
2023-01-01 12:46:40,469 DEBUG new locations - y: 1 x: 2
2023-01-01 12:46:40,493 DEBUG a
2023-01-01 12:46:40,493 DEBUG multiple lines detected
2023-01-01 12:46:40,493 DEBUG new locations - y: 1 x: 3
2023-01-01 12:46:40,597 DEBUG t
2023-01-01 12:46:40,597 DEBUG multiple lines detected
2023-01-01 12:46:40,597 DEBUG new locations - y: 1 x: 4
2023-01-01 12:46:40,720 DEBUG  
2023-01-01 12:46:40,720 DEBUG multiple lines detected
2023-01-01 12:46:40,720 DEBUG new locations - y: 1 x: 5
2023-01-01 12:46:41,323 DEBUG i
2023-01-01 12:46:41,323 DEBUG multiple lines detected
2023-01-01 12:46:41,323 DEBUG new locations - y: 1 x: 6
2023-01-01 12:46:41,381 DEBUG s
2023-01-01 12:46:41,381 DEBUG multiple lines detected
2023-01-01 12:46:41,382 DEBUG new locations - y: 1 x: 7
2023-01-01 12:46:41,479 DEBUG  
2023-01-01 12:46:41,479 DEBUG multiple lines detected
2023-01-01 12:46:41,479 DEBUG new locations - y: 1 x: 8
2023-01-01 12:46:41,659 DEBUG g
2023-01-01 12:46:41,660 DEBUG multiple lines detected
2023-01-01 12:46:41,660 DEBUG new locations - y: 1 x: 9
2023-01-01 12:46:41,706 DEBUG o
2023-01-01 12:46:41,706 DEBUG multiple lines detected
2023-01-01 12:46:41,706 DEBUG new locations - y: 1 x: 10
2023-01-01 12:46:41,848 DEBUG i
2023-01-01 12:46:41,848 DEBUG multiple lines detected
2023-01-01 12:46:41,848 DEBUG new locations - y: 1 x: 11
2023-01-01 12:46:41,948 DEBUG n
2023-01-01 12:46:41,948 DEBUG multiple lines detected
2023-01-01 12:46:41,948 DEBUG new locations - y: 1 x: 12
2023-01-01 12:46:42,049 DEBUG g
2023-01-01 12:46:42,049 DEBUG multiple lines detected
2023-01-01 12:46:42,050 DEBUG new locations - y: 1 x: 13
2023-01-01 12:46:42,147 DEBUG  
2023-01-01 12:46:42,147 DEBUG multiple lines detected
2023-01-01 12:46:42,147 DEBUG new locations - y: 1 x: 14
2023-01-01 12:46:42,225 DEBUG o
2023-01-01 12:46:42,225 DEBUG multiple lines detected
2023-01-01 12:46:42,225 DEBUG new locations - y: 1 x: 15
2023-01-01 12:46:42,389 DEBUG n
2023-01-01 12:46:42,389 DEBUG multiple lines detected
2023-01-01 12:46:42,389 DEBUG new locations - y: 1 x: 16
2023-01-01 12:46:43,031 DEBUG 260
2023-01-01 12:46:43,031 DEBUG new locations - y: 1 x: 15
2023-01-01 12:46:43,533 DEBUG 260
2023-01-01 12:46:43,533 DEBUG new locations - y: 1 x: 14
2023-01-01 12:46:43,561 DEBUG 260
2023-01-01 12:46:43,561 DEBUG new locations - y: 1 x: 13
2023-01-01 12:46:43,592 DEBUG 260
2023-01-01 12:46:43,593 DEBUG new locations - y: 1 x: 12
2023-01-01 12:46:43,624 DEBUG 260
2023-01-01 12:46:43,624 DEBUG new locations - y: 1 x: 11
2023-01-01 12:46:43,650 DEBUG 260
2023-01-01 12:46:43,650 DEBUG new locations - y: 1 x: 10
2023-01-01 12:46:43,681 DEBUG 260
2023-01-01 12:46:43,681 DEBUG new locations - y: 1 x: 9
2023-01-01 12:46:43,838 DEBUG 260
2023-01-01 12:46:43,838 DEBUG new locations - y: 1 x: 8
2023-01-01 12:46:44,016 DEBUG 260
2023-01-01 12:46:44,016 DEBUG new locations - y: 1 x: 7
2023-01-01 12:46:44,660 DEBUG 261
2023-01-01 12:46:44,661 DEBUG new locations - y: 1 x: 8
2023-01-01 12:46:44,978 DEBUG 

2023-01-01 12:46:44,978 DEBUG new line detected
2023-01-01 12:46:44,978 DEBUG multiple lines detected
2023-01-01 12:46:44,978 DEBUG new locations - y: 2 x: 0
2023-01-01 12:46:46,568 DEBUG h
2023-01-01 12:46:46,568 DEBUG multiple lines detected
2023-01-01 12:46:46,569 DEBUG new locations - y: 2 x: 1
2023-01-01 12:46:46,927 DEBUG u
2023-01-01 12:46:46,927 DEBUG multiple lines detected
2023-01-01 12:46:46,927 DEBUG new locations - y: 2 x: 2
2023-01-01 12:46:48,812 INFO begin
2023-01-01 12:46:49,400 DEBUG h
2023-01-01 12:46:49,400 DEBUG new locations - y: 0 x: 1
2023-01-01 12:46:49,504 DEBUG e
2023-01-01 12:46:49,504 DEBUG new locations - y: 0 x: 2
2023-01-01 12:46:49,659 DEBUG l
2023-01-01 12:46:49,659 DEBUG new locations - y: 0 x: 3
2023-01-01 12:46:49,817 DEBUG l
2023-01-01 12:46:49,817 DEBUG new locations - y: 0 x: 4
2023-01-01 12:46:49,997 DEBUG o
2023-01-01 12:46:49,997 DEBUG new locations - y: 0 x: 5
2023-01-01 12:46:50,109 DEBUG  
2023-01-01 12:46:50,109 DEBUG new locations - y: 0 x: 6
2023-01-01 12:46:50,281 DEBUG w
2023-01-01 12:46:50,281 DEBUG new locations - y: 0 x: 7
2023-01-01 12:46:50,334 DEBUG o
2023-01-01 12:46:50,334 DEBUG new locations - y: 0 x: 8
2023-01-01 12:46:50,415 DEBUG r
2023-01-01 12:46:50,415 DEBUG new locations - y: 0 x: 9
2023-01-01 12:46:50,547 DEBUG l
2023-01-01 12:46:50,547 DEBUG new locations - y: 0 x: 10
2023-01-01 12:46:50,665 DEBUG d
2023-01-01 12:46:50,665 DEBUG new locations - y: 0 x: 11
2023-01-01 12:46:50,732 DEBUG l
2023-01-01 12:46:50,732 DEBUG new locations - y: 0 x: 12
2023-01-01 12:46:50,801 DEBUG  
2023-01-01 12:46:50,801 DEBUG new locations - y: 0 x: 13
2023-01-01 12:46:51,614 DEBUG 263
2023-01-01 12:46:51,614 DEBUG new locations - y: 0 x: 12
2023-01-01 12:46:52,185 DEBUG 260
2023-01-01 12:46:52,185 DEBUG new locations - y: 0 x: 11
2023-01-01 12:46:52,514 DEBUG 260
2023-01-01 12:46:52,514 DEBUG new locations - y: 0 x: 10
2023-01-01 12:46:53,064 DEBUG 260
2023-01-01 12:46:53,064 DEBUG new locations - y: 0 x: 9
2023-01-01 12:46:53,244 DEBUG 260
2023-01-01 12:46:53,244 DEBUG new locations - y: 0 x: 8
2023-01-01 12:46:53,426 DEBUG 260
2023-01-01 12:46:53,426 DEBUG new locations - y: 0 x: 7
2023-01-01 12:46:53,600 DEBUG 260
2023-01-01 12:46:53,600 DEBUG new locations - y: 0 x: 6
2023-01-01 12:46:54,482 DEBUG 

2023-01-01 12:46:54,482 DEBUG new line detected
2023-01-01 12:46:54,482 DEBUG new locations - y: 1 x: 0
2023-01-01 12:46:57,023 DEBUG a
2023-01-01 12:46:57,023 DEBUG multiple lines detected
2023-01-01 12:46:57,023 DEBUG new locations - y: 1 x: 1
2023-01-01 12:46:57,523 DEBUG n
2023-01-01 12:46:57,523 DEBUG multiple lines detected
2023-01-01 12:46:57,523 DEBUG new locations - y: 1 x: 2
2023-01-01 12:46:57,683 DEBUG d
2023-01-01 12:46:57,683 DEBUG multiple lines detected
2023-01-01 12:46:57,683 DEBUG new locations - y: 1 x: 3
2023-01-01 12:48:07,347 DEBUG 259
2023-01-01 12:48:07,347 DEBUG new locations - y: 0 x: 3
2023-01-01 12:48:11,730 INFO begin
2023-01-01 12:48:12,532 DEBUG current cursor position - y: 0 x: 0
2023-01-01 12:48:12,532 DEBUG h
2023-01-01 12:48:12,532 DEBUG new locations - y: 0 x: 1
2023-01-01 12:48:12,654 DEBUG current cursor position - y: 0 x: 1
2023-01-01 12:48:12,655 DEBUG e
2023-01-01 12:48:12,655 DEBUG new locations - y: 0 x: 2
2023-01-01 12:48:12,786 DEBUG current cursor position - y: 0 x: 2
2023-01-01 12:48:12,786 DEBUG l
2023-01-01 12:48:12,786 DEBUG new locations - y: 0 x: 3
2023-01-01 12:48:12,947 DEBUG current cursor position - y: 0 x: 3
2023-01-01 12:48:12,947 DEBUG l
2023-01-01 12:48:12,947 DEBUG new locations - y: 0 x: 4
2023-01-01 12:48:13,141 DEBUG current cursor position - y: 0 x: 4
2023-01-01 12:48:13,141 DEBUG o
2023-01-01 12:48:13,141 DEBUG new locations - y: 0 x: 5
2023-01-01 12:48:13,276 DEBUG current cursor position - y: 0 x: 5
2023-01-01 12:48:13,276 DEBUG  
2023-01-01 12:48:13,276 DEBUG new locations - y: 0 x: 6
2023-01-01 12:48:13,562 DEBUG current cursor position - y: 0 x: 6
2023-01-01 12:48:13,562 DEBUG w
2023-01-01 12:48:13,562 DEBUG new locations - y: 0 x: 7
2023-01-01 12:48:13,634 DEBUG current cursor position - y: 0 x: 7
2023-01-01 12:48:13,634 DEBUG o
2023-01-01 12:48:13,634 DEBUG new locations - y: 0 x: 8
2023-01-01 12:48:13,743 DEBUG current cursor position - y: 0 x: 8
2023-01-01 12:48:13,743 DEBUG r
2023-01-01 12:48:13,744 DEBUG new locations - y: 0 x: 9
2023-01-01 12:48:13,857 DEBUG current cursor position - y: 0 x: 9
2023-01-01 12:48:13,857 DEBUG l
2023-01-01 12:48:13,857 DEBUG new locations - y: 0 x: 10
2023-01-01 12:48:13,953 DEBUG current cursor position - y: 0 x: 10
2023-01-01 12:48:13,953 DEBUG d
2023-01-01 12:48:13,953 DEBUG new locations - y: 0 x: 11
2023-01-01 12:48:15,173 DEBUG current cursor position - y: 0 x: 11
2023-01-01 12:48:15,173 DEBUG 260
2023-01-01 12:48:15,173 DEBUG new locations - y: 0 x: 10
2023-01-01 12:48:15,415 DEBUG current cursor position - y: 0 x: 10
2023-01-01 12:48:15,415 DEBUG 260
2023-01-01 12:48:15,415 DEBUG new locations - y: 0 x: 9
2023-01-01 12:48:15,633 DEBUG current cursor position - y: 0 x: 9
2023-01-01 12:48:15,633 DEBUG 260
2023-01-01 12:48:15,633 DEBUG new locations - y: 0 x: 8
2023-01-01 12:48:15,827 DEBUG current cursor position - y: 0 x: 8
2023-01-01 12:48:15,827 DEBUG 260
2023-01-01 12:48:15,827 DEBUG new locations - y: 0 x: 7
2023-01-01 12:48:16,211 DEBUG current cursor position - y: 0 x: 7
2023-01-01 12:48:16,211 DEBUG 260
2023-01-01 12:48:16,211 DEBUG new locations - y: 0 x: 6
2023-01-01 12:48:20,183 DEBUG current cursor position - y: 0 x: 6
2023-01-01 12:48:20,183 DEBUG 

2023-01-01 12:48:20,183 DEBUG new line detected
2023-01-01 12:48:20,183 DEBUG new locations - y: 1 x: 0
2023-01-01 12:48:39,173 DEBUG current cursor position - y: 1 x: 0
2023-01-01 12:48:39,173 DEBUG s
2023-01-01 12:48:39,173 DEBUG multiple lines detected
2023-01-01 12:48:39,173 DEBUG new locations - y: 1 x: 1
2023-01-01 12:49:15,396 INFO begin
2023-01-01 12:49:16,027 DEBUG current cursor position - y: 0 x: 0
2023-01-01 12:49:16,027 DEBUG h
2023-01-01 12:49:16,027 DEBUG new locations - y: 0 x: 1
2023-01-01 12:49:16,153 DEBUG current cursor position - y: 0 x: 1
2023-01-01 12:49:16,154 DEBUG e
2023-01-01 12:49:16,154 DEBUG new locations - y: 0 x: 2
2023-01-01 12:49:16,262 DEBUG current cursor position - y: 0 x: 2
2023-01-01 12:49:16,262 DEBUG l
2023-01-01 12:49:16,262 DEBUG new locations - y: 0 x: 3
2023-01-01 12:49:16,417 DEBUG current cursor position - y: 0 x: 3
2023-01-01 12:49:16,417 DEBUG l
2023-01-01 12:49:16,417 DEBUG new locations - y: 0 x: 4
2023-01-01 12:49:16,575 DEBUG current cursor position - y: 0 x: 4
2023-01-01 12:49:16,575 DEBUG o
2023-01-01 12:49:16,575 DEBUG new locations - y: 0 x: 5
2023-01-01 12:49:16,694 DEBUG current cursor position - y: 0 x: 5
2023-01-01 12:49:16,695 DEBUG  
2023-01-01 12:49:16,695 DEBUG new locations - y: 0 x: 6
2023-01-01 12:49:16,811 DEBUG current cursor position - y: 0 x: 6
2023-01-01 12:49:16,811 DEBUG w
2023-01-01 12:49:16,811 DEBUG new locations - y: 0 x: 7
2023-01-01 12:49:16,906 DEBUG current cursor position - y: 0 x: 7
2023-01-01 12:49:16,906 DEBUG o
2023-01-01 12:49:16,906 DEBUG new locations - y: 0 x: 8
2023-01-01 12:49:16,977 DEBUG current cursor position - y: 0 x: 8
2023-01-01 12:49:16,977 DEBUG r
2023-01-01 12:49:16,977 DEBUG new locations - y: 0 x: 9
2023-01-01 12:49:17,081 DEBUG current cursor position - y: 0 x: 9
2023-01-01 12:49:17,081 DEBUG l
2023-01-01 12:49:17,081 DEBUG new locations - y: 0 x: 10
2023-01-01 12:49:17,185 DEBUG current cursor position - y: 0 x: 10
2023-01-01 12:49:17,185 DEBUG d
2023-01-01 12:49:17,185 DEBUG new locations - y: 0 x: 11
2023-01-01 12:49:17,276 DEBUG current cursor position - y: 0 x: 11
2023-01-01 12:49:17,276 DEBUG  
2023-01-01 12:49:17,276 DEBUG new locations - y: 0 x: 12
2023-01-01 12:49:18,590 DEBUG current cursor position - y: 0 x: 12
2023-01-01 12:49:18,590 DEBUG w
2023-01-01 12:49:18,591 DEBUG new locations - y: 0 x: 13
2023-01-01 12:49:18,720 DEBUG current cursor position - y: 0 x: 13
2023-01-01 12:49:18,720 DEBUG h
2023-01-01 12:49:18,720 DEBUG new locations - y: 0 x: 14
2023-01-01 12:49:18,766 DEBUG current cursor position - y: 0 x: 14
2023-01-01 12:49:18,766 DEBUG a
2023-01-01 12:49:18,766 DEBUG new locations - y: 0 x: 15
2023-01-01 12:49:18,843 DEBUG current cursor position - y: 0 x: 15
2023-01-01 12:49:18,843 DEBUG t
2023-01-01 12:49:18,843 DEBUG new locations - y: 0 x: 16
2023-01-01 12:49:18,927 DEBUG current cursor position - y: 0 x: 16
2023-01-01 12:49:18,927 DEBUG  
2023-01-01 12:49:18,927 DEBUG new locations - y: 0 x: 17
2023-01-01 12:49:19,112 DEBUG current cursor position - y: 0 x: 17
2023-01-01 12:49:19,112 DEBUG i
2023-01-01 12:49:19,112 DEBUG new locations - y: 0 x: 18
2023-01-01 12:49:19,187 DEBUG current cursor position - y: 0 x: 18
2023-01-01 12:49:19,187 DEBUG s
2023-01-01 12:49:19,187 DEBUG new locations - y: 0 x: 19
2023-01-01 12:49:19,290 DEBUG current cursor position - y: 0 x: 19
2023-01-01 12:49:19,291 DEBUG  
2023-01-01 12:49:19,291 DEBUG new locations - y: 0 x: 20
2023-01-01 12:49:20,220 DEBUG current cursor position - y: 0 x: 20
2023-01-01 12:49:20,221 DEBUG M
2023-01-01 12:49:20,221 DEBUG new locations - y: 0 x: 21
2023-01-01 12:49:20,284 DEBUG current cursor position - y: 0 x: 21
2023-01-01 12:49:20,284 DEBUG o
2023-01-01 12:49:20,284 DEBUG new locations - y: 0 x: 22
2023-01-01 12:49:20,712 DEBUG current cursor position - y: 0 x: 22
2023-01-01 12:49:20,712 DEBUG 263
2023-01-01 12:49:20,712 DEBUG new locations - y: 0 x: 21
2023-01-01 12:49:20,907 DEBUG current cursor position - y: 0 x: 21
2023-01-01 12:49:20,907 DEBUG 263
2023-01-01 12:49:20,908 DEBUG new locations - y: 0 x: 20
2023-01-01 12:49:21,007 DEBUG current cursor position - y: 0 x: 20
2023-01-01 12:49:21,007 DEBUG g
2023-01-01 12:49:21,007 DEBUG new locations - y: 0 x: 21
2023-01-01 12:49:21,135 DEBUG current cursor position - y: 0 x: 21
2023-01-01 12:49:21,135 DEBUG o
2023-01-01 12:49:21,135 DEBUG new locations - y: 0 x: 22
2023-01-01 12:49:21,262 DEBUG current cursor position - y: 0 x: 22
2023-01-01 12:49:21,262 DEBUG i
2023-01-01 12:49:21,262 DEBUG new locations - y: 0 x: 23
2023-01-01 12:49:21,444 DEBUG current cursor position - y: 0 x: 23
2023-01-01 12:49:21,444 DEBUG n
2023-01-01 12:49:21,444 DEBUG new locations - y: 0 x: 24
2023-01-01 12:49:21,574 DEBUG current cursor position - y: 0 x: 24
2023-01-01 12:49:21,574 DEBUG g
2023-01-01 12:49:21,574 DEBUG new locations - y: 0 x: 25
2023-01-01 12:49:21,828 DEBUG current cursor position - y: 0 x: 25
2023-01-01 12:49:21,828 DEBUG 260
2023-01-01 12:49:21,828 DEBUG new locations - y: 0 x: 24
2023-01-01 12:49:22,331 DEBUG current cursor position - y: 0 x: 24
2023-01-01 12:49:22,331 DEBUG 260
2023-01-01 12:49:22,331 DEBUG new locations - y: 0 x: 23
2023-01-01 12:49:22,361 DEBUG current cursor position - y: 0 x: 23
2023-01-01 12:49:22,361 DEBUG 260
2023-01-01 12:49:22,361 DEBUG new locations - y: 0 x: 22
2023-01-01 12:49:22,389 DEBUG current cursor position - y: 0 x: 22
2023-01-01 12:49:22,389 DEBUG 260
2023-01-01 12:49:22,389 DEBUG new locations - y: 0 x: 21
2023-01-01 12:49:22,424 DEBUG current cursor position - y: 0 x: 21
2023-01-01 12:49:22,424 DEBUG 260
2023-01-01 12:49:22,424 DEBUG new locations - y: 0 x: 20
2023-01-01 12:49:22,449 DEBUG current cursor position - y: 0 x: 20
2023-01-01 12:49:22,449 DEBUG 260
2023-01-01 12:49:22,449 DEBUG new locations - y: 0 x: 19
2023-01-01 12:49:22,480 DEBUG current cursor position - y: 0 x: 19
2023-01-01 12:49:22,480 DEBUG 260
2023-01-01 12:49:22,480 DEBUG new locations - y: 0 x: 18
2023-01-01 12:49:22,510 DEBUG current cursor position - y: 0 x: 18
2023-01-01 12:49:22,510 DEBUG 260
2023-01-01 12:49:22,510 DEBUG new locations - y: 0 x: 17
2023-01-01 12:49:22,543 DEBUG current cursor position - y: 0 x: 17
2023-01-01 12:49:22,543 DEBUG 260
2023-01-01 12:49:22,543 DEBUG new locations - y: 0 x: 16
2023-01-01 12:49:22,574 DEBUG current cursor position - y: 0 x: 16
2023-01-01 12:49:22,574 DEBUG 260
2023-01-01 12:49:22,574 DEBUG new locations - y: 0 x: 15
2023-01-01 12:49:22,599 DEBUG current cursor position - y: 0 x: 15
2023-01-01 12:49:22,599 DEBUG 260
2023-01-01 12:49:22,599 DEBUG new locations - y: 0 x: 14
2023-01-01 12:49:22,629 DEBUG current cursor position - y: 0 x: 14
2023-01-01 12:49:22,630 DEBUG 260
2023-01-01 12:49:22,630 DEBUG new locations - y: 0 x: 13
2023-01-01 12:49:22,664 DEBUG current cursor position - y: 0 x: 13
2023-01-01 12:49:22,664 DEBUG 260
2023-01-01 12:49:22,664 DEBUG new locations - y: 0 x: 12
2023-01-01 12:49:22,689 DEBUG current cursor position - y: 0 x: 12
2023-01-01 12:49:22,689 DEBUG 260
2023-01-01 12:49:22,689 DEBUG new locations - y: 0 x: 11
2023-01-01 12:49:22,719 DEBUG current cursor position - y: 0 x: 11
2023-01-01 12:49:22,719 DEBUG 260
2023-01-01 12:49:22,719 DEBUG new locations - y: 0 x: 10
2023-01-01 12:49:23,228 DEBUG current cursor position - y: 0 x: 10
2023-01-01 12:49:23,228 DEBUG 261
2023-01-01 12:49:23,228 DEBUG new locations - y: 0 x: 11
2023-01-01 12:49:23,391 DEBUG current cursor position - y: 0 x: 11
2023-01-01 12:49:23,391 DEBUG 261
2023-01-01 12:49:23,391 DEBUG new locations - y: 0 x: 12
2023-01-01 12:49:23,813 DEBUG current cursor position - y: 0 x: 12
2023-01-01 12:49:23,813 DEBUG 

2023-01-01 12:49:23,813 DEBUG new line detected
2023-01-01 12:49:23,813 DEBUG new locations - y: 1 x: 0
2023-01-01 12:49:25,160 DEBUG current cursor position - y: 1 x: 0
2023-01-01 12:49:25,161 DEBUG l
2023-01-01 12:49:25,161 DEBUG multiple lines detected
2023-01-01 12:49:25,161 DEBUG new locations - y: 1 x: 1
2023-01-01 12:49:25,368 DEBUG current cursor position - y: 1 x: 1
2023-01-01 12:49:25,368 DEBUG i
2023-01-01 12:49:25,368 DEBUG multiple lines detected
2023-01-01 12:49:25,368 DEBUG new locations - y: 1 x: 2
2023-01-01 12:49:25,575 DEBUG current cursor position - y: 1 x: 2
2023-01-01 12:49:25,575 DEBUG k
2023-01-01 12:49:25,575 DEBUG multiple lines detected
2023-01-01 12:49:25,575 DEBUG new locations - y: 1 x: 3
2023-01-01 12:49:26,018 DEBUG current cursor position - y: 1 x: 3
2023-01-01 12:49:26,018 DEBUG e
2023-01-01 12:49:26,018 DEBUG multiple lines detected
2023-01-01 12:49:26,018 DEBUG new locations - y: 1 x: 4
2023-01-01 12:49:26,399 DEBUG current cursor position - y: 1 x: 4
2023-01-01 12:49:26,399 DEBUG  
2023-01-01 12:49:26,399 DEBUG multiple lines detected
2023-01-01 12:49:26,400 DEBUG new locations - y: 1 x: 5
2023-01-01 12:49:26,716 DEBUG current cursor position - y: 1 x: 5
2023-01-01 12:49:26,716 DEBUG t
2023-01-01 12:49:26,716 DEBUG multiple lines detected
2023-01-01 12:49:26,716 DEBUG new locations - y: 1 x: 6
2023-01-01 12:49:26,822 DEBUG current cursor position - y: 1 x: 6
2023-01-01 12:49:26,823 DEBUG h
2023-01-01 12:49:26,823 DEBUG multiple lines detected
2023-01-01 12:49:26,823 DEBUG new locations - y: 1 x: 7
2023-01-01 12:49:26,918 DEBUG current cursor position - y: 1 x: 7
2023-01-01 12:49:26,918 DEBUG a
2023-01-01 12:49:26,918 DEBUG multiple lines detected
2023-01-01 12:49:26,918 DEBUG new locations - y: 1 x: 8
2023-01-01 12:49:27,003 DEBUG current cursor position - y: 1 x: 8
2023-01-01 12:49:27,003 DEBUG t
2023-01-01 12:49:27,003 DEBUG multiple lines detected
2023-01-01 12:49:27,003 DEBUG new locations - y: 1 x: 9
2023-01-01 12:49:27,099 DEBUG current cursor position - y: 1 x: 9
2023-01-01 12:49:27,099 DEBUG  
2023-01-01 12:49:27,099 DEBUG multiple lines detected
2023-01-01 12:49:27,099 DEBUG new locations - y: 1 x: 10
2023-01-01 12:49:28,877 DEBUG current cursor position - y: 1 x: 10
2023-01-01 12:49:28,877 DEBUG '
2023-01-01 12:49:28,877 DEBUG multiple lines detected
2023-01-01 12:49:28,877 DEBUG new locations - y: 1 x: 11
2023-01-01 12:49:28,973 DEBUG current cursor position - y: 1 x: 11
2023-01-01 12:49:28,973 DEBUG s
2023-01-01 12:49:28,973 DEBUG multiple lines detected
2023-01-01 12:49:28,974 DEBUG new locations - y: 1 x: 12
2023-01-01 12:49:29,103 DEBUG current cursor position - y: 1 x: 12
2023-01-01 12:49:29,103 DEBUG  
2023-01-01 12:49:29,103 DEBUG multiple lines detected
2023-01-01 12:49:29,103 DEBUG new locations - y: 1 x: 13
2023-01-01 12:49:29,261 DEBUG current cursor position - y: 1 x: 13
2023-01-01 12:49:29,261 DEBUG s
2023-01-01 12:49:29,262 DEBUG multiple lines detected
2023-01-01 12:49:29,262 DEBUG new locations - y: 1 x: 14
2023-01-01 12:49:47,169 DEBUG current cursor position - y: 1 x: 14
2023-01-01 12:49:47,169 DEBUG a
2023-01-01 12:49:47,169 DEBUG multiple lines detected
2023-01-01 12:49:47,169 DEBUG new locations - y: 1 x: 15
2023-01-01 12:50:21,775 DEBUG current cursor position - y: 1 x: 15
2023-01-01 12:50:21,775 DEBUG 259
2023-01-01 12:50:21,776 DEBUG new locations - y: 0 x: 15
2023-01-01 12:50:21,968 DEBUG current cursor position - y: 0 x: 15
2023-01-01 12:50:21,968 DEBUG 259
2023-01-01 12:50:21,968 DEBUG new locations - y: -1 x: 15
2023-01-01 12:50:33,378 INFO begin
2023-01-01 12:50:33,933 DEBUG current cursor position - y: 0 x: 0
2023-01-01 12:50:33,933 DEBUG h
2023-01-01 12:50:33,933 DEBUG new locations - y: 0 x: 1
2023-01-01 12:50:34,046 DEBUG current cursor position - y: 0 x: 1
2023-01-01 12:50:34,046 DEBUG e
2023-01-01 12:50:34,046 DEBUG new locations - y: 0 x: 2
2023-01-01 12:50:34,272 DEBUG current cursor position - y: 0 x: 2
2023-01-01 12:50:34,272 DEBUG l
2023-01-01 12:50:34,272 DEBUG new locations - y: 0 x: 3
2023-01-01 12:50:34,451 DEBUG current cursor position - y: 0 x: 3
2023-01-01 12:50:34,451 DEBUG l
2023-01-01 12:50:34,451 DEBUG new locations - y: 0 x: 4
2023-01-01 12:50:34,627 DEBUG current cursor position - y: 0 x: 4
2023-01-01 12:50:34,627 DEBUG  
2023-01-01 12:50:34,627 DEBUG new locations - y: 0 x: 5
2023-01-01 12:50:34,731 DEBUG current cursor position - y: 0 x: 5
2023-01-01 12:50:34,731 DEBUG o
2023-01-01 12:50:34,731 DEBUG new locations - y: 0 x: 6
2023-01-01 12:50:35,441 DEBUG current cursor position - y: 0 x: 6
2023-01-01 12:50:35,441 DEBUG 263
2023-01-01 12:50:35,441 DEBUG new locations - y: 0 x: 5
2023-01-01 12:50:35,628 DEBUG current cursor position - y: 0 x: 5
2023-01-01 12:50:35,628 DEBUG 263
2023-01-01 12:50:35,628 DEBUG new locations - y: 0 x: 4
2023-01-01 12:50:36,033 DEBUG current cursor position - y: 0 x: 4
2023-01-01 12:50:36,033 DEBUG l
2023-01-01 12:50:36,033 DEBUG new locations - y: 0 x: 5
2023-01-01 12:50:36,295 DEBUG current cursor position - y: 0 x: 5
2023-01-01 12:50:36,295 DEBUG 263
2023-01-01 12:50:36,295 DEBUG new locations - y: 0 x: 4
2023-01-01 12:50:36,448 DEBUG current cursor position - y: 0 x: 4
2023-01-01 12:50:36,448 DEBUG o
2023-01-01 12:50:36,448 DEBUG new locations - y: 0 x: 5
2023-01-01 12:50:36,688 DEBUG current cursor position - y: 0 x: 5
2023-01-01 12:50:36,688 DEBUG  
2023-01-01 12:50:36,688 DEBUG new locations - y: 0 x: 6
2023-01-01 12:50:36,871 DEBUG current cursor position - y: 0 x: 6
2023-01-01 12:50:36,871 DEBUG w
2023-01-01 12:50:36,871 DEBUG new locations - y: 0 x: 7
2023-01-01 12:50:36,967 DEBUG current cursor position - y: 0 x: 7
2023-01-01 12:50:36,967 DEBUG o
2023-01-01 12:50:36,967 DEBUG new locations - y: 0 x: 8
2023-01-01 12:50:37,077 DEBUG current cursor position - y: 0 x: 8
2023-01-01 12:50:37,077 DEBUG r
2023-01-01 12:50:37,077 DEBUG new locations - y: 0 x: 9
2023-01-01 12:50:37,181 DEBUG current cursor position - y: 0 x: 9
2023-01-01 12:50:37,181 DEBUG l
2023-01-01 12:50:37,181 DEBUG new locations - y: 0 x: 10
2023-01-01 12:50:37,287 DEBUG current cursor position - y: 0 x: 10
2023-01-01 12:50:37,287 DEBUG d
2023-01-01 12:50:37,288 DEBUG new locations - y: 0 x: 11
2023-01-01 12:50:37,480 DEBUG current cursor position - y: 0 x: 11
2023-01-01 12:50:37,480 DEBUG  
2023-01-01 12:50:37,480 DEBUG new locations - y: 0 x: 12
2023-01-01 12:50:37,946 DEBUG current cursor position - y: 0 x: 12
2023-01-01 12:50:37,946 DEBUG 263
2023-01-01 12:50:37,946 DEBUG new locations - y: 0 x: 11
2023-01-01 12:50:38,208 DEBUG current cursor position - y: 0 x: 11
2023-01-01 12:50:38,208 DEBUG 260
2023-01-01 12:50:38,208 DEBUG new locations - y: 0 x: 10
2023-01-01 12:50:38,421 DEBUG current cursor position - y: 0 x: 10
2023-01-01 12:50:38,422 DEBUG 260
2023-01-01 12:50:38,422 DEBUG new locations - y: 0 x: 9
2023-01-01 12:50:38,591 DEBUG current cursor position - y: 0 x: 9
2023-01-01 12:50:38,591 DEBUG 260
2023-01-01 12:50:38,591 DEBUG new locations - y: 0 x: 8
2023-01-01 12:50:38,760 DEBUG current cursor position - y: 0 x: 8
2023-01-01 12:50:38,760 DEBUG 260
2023-01-01 12:50:38,760 DEBUG new locations - y: 0 x: 7
2023-01-01 12:50:38,911 DEBUG current cursor position - y: 0 x: 7
2023-01-01 12:50:38,911 DEBUG 260
2023-01-01 12:50:38,911 DEBUG new locations - y: 0 x: 6
2023-01-01 12:50:39,320 DEBUG current cursor position - y: 0 x: 6
2023-01-01 12:50:39,320 DEBUG 

2023-01-01 12:50:39,320 DEBUG new line detected
2023-01-01 12:50:39,320 DEBUG new locations - y: 1 x: 0
2023-01-01 12:50:40,072 DEBUG current cursor position - y: 1 x: 0
2023-01-01 12:50:40,072 DEBUG b
2023-01-01 12:50:40,072 DEBUG multiple lines detected
2023-01-01 12:50:40,072 DEBUG new locations - y: 1 x: 1
2023-01-01 12:50:40,210 DEBUG current cursor position - y: 1 x: 1
2023-01-01 12:50:40,210 DEBUG i
2023-01-01 12:50:40,210 DEBUG multiple lines detected
2023-01-01 12:50:40,210 DEBUG new locations - y: 1 x: 2
2023-01-01 12:50:40,480 DEBUG current cursor position - y: 1 x: 2
2023-01-01 12:50:40,480 DEBUG g
2023-01-01 12:50:40,480 DEBUG multiple lines detected
2023-01-01 12:50:40,480 DEBUG new locations - y: 1 x: 3
2023-01-01 12:51:38,509 INFO begin
2023-01-01 12:51:41,053 DEBUG current cursor position - y: 0 x: 0
2023-01-01 12:51:41,053 DEBUG h
2023-01-01 12:51:41,054 DEBUG new locations - y: 0 x: 1
2023-01-01 12:51:41,152 DEBUG current cursor position - y: 0 x: 1
2023-01-01 12:51:41,152 DEBUG e
2023-01-01 12:51:41,152 DEBUG new locations - y: 0 x: 2
2023-01-01 12:51:41,266 DEBUG current cursor position - y: 0 x: 2
2023-01-01 12:51:41,266 DEBUG l
2023-01-01 12:51:41,266 DEBUG new locations - y: 0 x: 3
2023-01-01 12:51:41,443 DEBUG current cursor position - y: 0 x: 3
2023-01-01 12:51:41,443 DEBUG l
2023-01-01 12:51:41,443 DEBUG new locations - y: 0 x: 4
2023-01-01 12:51:41,624 DEBUG current cursor position - y: 0 x: 4
2023-01-01 12:51:41,624 DEBUG o
2023-01-01 12:51:41,624 DEBUG new locations - y: 0 x: 5
2023-01-01 12:51:41,763 DEBUG current cursor position - y: 0 x: 5
2023-01-01 12:51:41,763 DEBUG  
2023-01-01 12:51:41,763 DEBUG new locations - y: 0 x: 6
2023-01-01 12:51:41,935 DEBUG current cursor position - y: 0 x: 6
2023-01-01 12:51:41,935 DEBUG w
2023-01-01 12:51:41,935 DEBUG new locations - y: 0 x: 7
2023-01-01 12:51:42,437 DEBUG current cursor position - y: 0 x: 7
2023-01-01 12:51:42,437 DEBUG 263
2023-01-01 12:51:42,437 DEBUG new locations - y: 0 x: 6
2023-01-01 12:51:42,791 DEBUG current cursor position - y: 0 x: 6
2023-01-01 12:51:42,791 DEBUG d
2023-01-01 12:51:42,791 DEBUG new locations - y: 0 x: 7
2023-01-01 12:51:42,946 DEBUG current cursor position - y: 0 x: 7
2023-01-01 12:51:42,947 DEBUG a
2023-01-01 12:51:42,947 DEBUG new locations - y: 0 x: 8
2023-01-01 12:51:43,162 DEBUG current cursor position - y: 0 x: 8
2023-01-01 12:51:43,162 DEBUG r
2023-01-01 12:51:43,162 DEBUG new locations - y: 0 x: 9
2023-01-01 12:51:43,415 DEBUG current cursor position - y: 0 x: 9
2023-01-01 12:51:43,415 DEBUG n
2023-01-01 12:51:43,415 DEBUG new locations - y: 0 x: 10
2023-01-01 12:51:43,776 DEBUG current cursor position - y: 0 x: 10
2023-01-01 12:51:43,776 DEBUG 263
2023-01-01 12:51:43,776 DEBUG new locations - y: 0 x: 9
2023-01-01 12:51:44,237 DEBUG current cursor position - y: 0 x: 9
2023-01-01 12:51:44,237 DEBUG n
2023-01-01 12:51:44,237 DEBUG new locations - y: 0 x: 10
2023-01-01 12:51:44,502 DEBUG current cursor position - y: 0 x: 10
2023-01-01 12:51:44,502 DEBUG 263
2023-01-01 12:51:44,502 DEBUG new locations - y: 0 x: 9
2023-01-01 12:51:44,683 DEBUG current cursor position - y: 0 x: 9
2023-01-01 12:51:44,683 DEBUG 263
2023-01-01 12:51:44,683 DEBUG new locations - y: 0 x: 8
2023-01-01 12:51:44,807 DEBUG current cursor position - y: 0 x: 8
2023-01-01 12:51:44,807 DEBUG n
2023-01-01 12:51:44,807 DEBUG new locations - y: 0 x: 9
2023-01-01 12:51:44,892 DEBUG current cursor position - y: 0 x: 9
2023-01-01 12:51:44,893 DEBUG k
2023-01-01 12:51:44,893 DEBUG new locations - y: 0 x: 10
2023-01-01 12:51:45,325 DEBUG current cursor position - y: 0 x: 10
2023-01-01 12:51:45,325 DEBUG n
2023-01-01 12:51:45,325 DEBUG new locations - y: 0 x: 11
2023-01-01 12:51:45,384 DEBUG current cursor position - y: 0 x: 11
2023-01-01 12:51:45,384 DEBUG e
2023-01-01 12:51:45,384 DEBUG new locations - y: 0 x: 12
2023-01-01 12:51:45,492 DEBUG current cursor position - y: 0 x: 12
2023-01-01 12:51:45,492 DEBUG s
2023-01-01 12:51:45,492 DEBUG new locations - y: 0 x: 13
2023-01-01 12:51:45,676 DEBUG current cursor position - y: 0 x: 13
2023-01-01 12:51:45,676 DEBUG s
2023-01-01 12:51:45,676 DEBUG new locations - y: 0 x: 14
2023-01-01 12:51:46,028 DEBUG current cursor position - y: 0 x: 14
2023-01-01 12:51:46,028 DEBUG 260
2023-01-01 12:51:46,028 DEBUG new locations - y: 0 x: 13
2023-01-01 12:51:46,217 DEBUG current cursor position - y: 0 x: 13
2023-01-01 12:51:46,217 DEBUG 260
2023-01-01 12:51:46,217 DEBUG new locations - y: 0 x: 12
2023-01-01 12:51:46,386 DEBUG current cursor position - y: 0 x: 12
2023-01-01 12:51:46,386 DEBUG 260
2023-01-01 12:51:46,386 DEBUG new locations - y: 0 x: 11
2023-01-01 12:51:46,561 DEBUG current cursor position - y: 0 x: 11
2023-01-01 12:51:46,561 DEBUG 260
2023-01-01 12:51:46,561 DEBUG new locations - y: 0 x: 10
2023-01-01 12:51:46,707 DEBUG current cursor position - y: 0 x: 10
2023-01-01 12:51:46,707 DEBUG 260
2023-01-01 12:51:46,707 DEBUG new locations - y: 0 x: 9
2023-01-01 12:51:46,869 DEBUG current cursor position - y: 0 x: 9
2023-01-01 12:51:46,869 DEBUG 260
2023-01-01 12:51:46,869 DEBUG new locations - y: 0 x: 8
2023-01-01 12:51:47,037 DEBUG current cursor position - y: 0 x: 8
2023-01-01 12:51:47,037 DEBUG 260
2023-01-01 12:51:47,037 DEBUG new locations - y: 0 x: 7
2023-01-01 12:51:47,207 DEBUG current cursor position - y: 0 x: 7
2023-01-01 12:51:47,207 DEBUG 260
2023-01-01 12:51:47,207 DEBUG new locations - y: 0 x: 6
2023-01-01 12:51:53,095 DEBUG current cursor position - y: 0 x: 6
2023-01-01 12:51:53,096 DEBUG 

2023-01-01 12:51:53,096 DEBUG new line detected
2023-01-01 12:51:53,096 DEBUG new locations - y: 1 x: 0
2023-01-01 12:52:05,467 DEBUG current cursor position - y: 1 x: 0
2023-01-01 12:52:05,467 DEBUG h
2023-01-01 12:52:05,467 DEBUG multiple lines detected
2023-01-01 12:52:05,467 DEBUG len line length: [] y: 1
2023-01-01 12:52:05,467 DEBUG new locations - y: 1 x: 1
2023-01-01 12:52:33,859 INFO begin
2023-01-01 12:52:34,347 DEBUG current cursor position - y: 0 x: 0
2023-01-01 12:52:34,348 DEBUG h
2023-01-01 12:52:34,348 DEBUG new locations - y: 0 x: 1
2023-01-01 12:52:34,483 DEBUG current cursor position - y: 0 x: 1
2023-01-01 12:52:34,483 DEBUG e
2023-01-01 12:52:34,483 DEBUG new locations - y: 0 x: 2
2023-01-01 12:52:34,593 DEBUG current cursor position - y: 0 x: 2
2023-01-01 12:52:34,593 DEBUG l
2023-01-01 12:52:34,593 DEBUG new locations - y: 0 x: 3
2023-01-01 12:52:34,762 DEBUG current cursor position - y: 0 x: 3
2023-01-01 12:52:34,762 DEBUG l
2023-01-01 12:52:34,762 DEBUG new locations - y: 0 x: 4
2023-01-01 12:52:34,944 DEBUG current cursor position - y: 0 x: 4
2023-01-01 12:52:34,944 DEBUG o
2023-01-01 12:52:34,944 DEBUG new locations - y: 0 x: 5
2023-01-01 12:52:34,985 DEBUG current cursor position - y: 0 x: 5
2023-01-01 12:52:34,985 DEBUG  
2023-01-01 12:52:34,985 DEBUG new locations - y: 0 x: 6
2023-01-01 12:52:35,494 DEBUG current cursor position - y: 0 x: 6
2023-01-01 12:52:35,494 DEBUG w
2023-01-01 12:52:35,494 DEBUG new locations - y: 0 x: 7
2023-01-01 12:52:35,592 DEBUG current cursor position - y: 0 x: 7
2023-01-01 12:52:35,592 DEBUG o
2023-01-01 12:52:35,592 DEBUG new locations - y: 0 x: 8
2023-01-01 12:52:35,625 DEBUG current cursor position - y: 0 x: 8
2023-01-01 12:52:35,625 DEBUG r
2023-01-01 12:52:35,626 DEBUG new locations - y: 0 x: 9
2023-01-01 12:52:35,784 DEBUG current cursor position - y: 0 x: 9
2023-01-01 12:52:35,784 DEBUG l
2023-01-01 12:52:35,784 DEBUG new locations - y: 0 x: 10
2023-01-01 12:52:35,857 DEBUG current cursor position - y: 0 x: 10
2023-01-01 12:52:35,857 DEBUG d
2023-01-01 12:52:35,857 DEBUG new locations - y: 0 x: 11
2023-01-01 12:52:35,989 DEBUG current cursor position - y: 0 x: 11
2023-01-01 12:52:35,989 DEBUG  
2023-01-01 12:52:35,989 DEBUG new locations - y: 0 x: 12
2023-01-01 12:52:36,137 DEBUG current cursor position - y: 0 x: 12
2023-01-01 12:52:36,137 DEBUG w
2023-01-01 12:52:36,137 DEBUG new locations - y: 0 x: 13
2023-01-01 12:52:36,241 DEBUG current cursor position - y: 0 x: 13
2023-01-01 12:52:36,241 DEBUG h
2023-01-01 12:52:36,241 DEBUG new locations - y: 0 x: 14
2023-01-01 12:52:36,428 DEBUG current cursor position - y: 0 x: 14
2023-01-01 12:52:36,428 DEBUG y
2023-01-01 12:52:36,428 DEBUG new locations - y: 0 x: 15
2023-01-01 12:52:36,489 DEBUG current cursor position - y: 0 x: 15
2023-01-01 12:52:36,489 DEBUG  
2023-01-01 12:52:36,489 DEBUG new locations - y: 0 x: 16
2023-01-01 12:52:36,688 DEBUG current cursor position - y: 0 x: 16
2023-01-01 12:52:36,688 DEBUG d
2023-01-01 12:52:36,688 DEBUG new locations - y: 0 x: 17
2023-01-01 12:52:36,793 DEBUG current cursor position - y: 0 x: 17
2023-01-01 12:52:36,794 DEBUG o
2023-01-01 12:52:36,794 DEBUG new locations - y: 0 x: 18
2023-01-01 12:52:36,878 DEBUG current cursor position - y: 0 x: 18
2023-01-01 12:52:36,878 DEBUG  
2023-01-01 12:52:36,878 DEBUG new locations - y: 0 x: 19
2023-01-01 12:52:37,175 DEBUG current cursor position - y: 0 x: 19
2023-01-01 12:52:37,175 DEBUG I
2023-01-01 12:52:37,175 DEBUG new locations - y: 0 x: 20
2023-01-01 12:52:37,283 DEBUG current cursor position - y: 0 x: 20
2023-01-01 12:52:37,283 DEBUG  
2023-01-01 12:52:37,284 DEBUG new locations - y: 0 x: 21
2023-01-01 12:52:37,803 DEBUG current cursor position - y: 0 x: 21
2023-01-01 12:52:37,803 DEBUG w
2023-01-01 12:52:37,803 DEBUG new locations - y: 0 x: 22
2023-01-01 12:52:38,122 DEBUG current cursor position - y: 0 x: 22
2023-01-01 12:52:38,123 DEBUG r
2023-01-01 12:52:38,123 DEBUG new locations - y: 0 x: 23
2023-01-01 12:52:38,295 DEBUG current cursor position - y: 0 x: 23
2023-01-01 12:52:38,295 DEBUG i
2023-01-01 12:52:38,295 DEBUG new locations - y: 0 x: 24
2023-01-01 12:52:38,356 DEBUG current cursor position - y: 0 x: 24
2023-01-01 12:52:38,356 DEBUG t
2023-01-01 12:52:38,356 DEBUG new locations - y: 0 x: 25
2023-01-01 12:52:38,580 DEBUG current cursor position - y: 0 x: 25
2023-01-01 12:52:38,580 DEBUG e
2023-01-01 12:52:38,580 DEBUG new locations - y: 0 x: 26
2023-01-01 12:52:40,279 DEBUG current cursor position - y: 0 x: 26
2023-01-01 12:52:40,279 DEBUG 260
2023-01-01 12:52:40,279 DEBUG new locations - y: 0 x: 25
2023-01-01 12:52:40,471 DEBUG current cursor position - y: 0 x: 25
2023-01-01 12:52:40,472 DEBUG 260
2023-01-01 12:52:40,472 DEBUG new locations - y: 0 x: 24
2023-01-01 12:52:40,647 DEBUG current cursor position - y: 0 x: 24
2023-01-01 12:52:40,647 DEBUG 260
2023-01-01 12:52:40,647 DEBUG new locations - y: 0 x: 23
2023-01-01 12:52:40,809 DEBUG current cursor position - y: 0 x: 23
2023-01-01 12:52:40,809 DEBUG 260
2023-01-01 12:52:40,809 DEBUG new locations - y: 0 x: 22
2023-01-01 12:52:40,959 DEBUG current cursor position - y: 0 x: 22
2023-01-01 12:52:40,959 DEBUG 260
2023-01-01 12:52:40,959 DEBUG new locations - y: 0 x: 21
2023-01-01 12:52:41,117 DEBUG current cursor position - y: 0 x: 21
2023-01-01 12:52:41,117 DEBUG 260
2023-01-01 12:52:41,117 DEBUG new locations - y: 0 x: 20
2023-01-01 12:52:41,269 DEBUG current cursor position - y: 0 x: 20
2023-01-01 12:52:41,269 DEBUG 260
2023-01-01 12:52:41,269 DEBUG new locations - y: 0 x: 19
2023-01-01 12:52:41,413 DEBUG current cursor position - y: 0 x: 19
2023-01-01 12:52:41,413 DEBUG 260
2023-01-01 12:52:41,413 DEBUG new locations - y: 0 x: 18
2023-01-01 12:52:41,576 DEBUG current cursor position - y: 0 x: 18
2023-01-01 12:52:41,576 DEBUG 260
2023-01-01 12:52:41,576 DEBUG new locations - y: 0 x: 17
2023-01-01 12:52:41,727 DEBUG current cursor position - y: 0 x: 17
2023-01-01 12:52:41,727 DEBUG 260
2023-01-01 12:52:41,727 DEBUG new locations - y: 0 x: 16
2023-01-01 12:52:41,879 DEBUG current cursor position - y: 0 x: 16
2023-01-01 12:52:41,879 DEBUG 260
2023-01-01 12:52:41,879 DEBUG new locations - y: 0 x: 15
2023-01-01 12:52:42,952 DEBUG current cursor position - y: 0 x: 15
2023-01-01 12:52:42,952 DEBUG 261
2023-01-01 12:52:42,952 DEBUG new locations - y: 0 x: 16
2023-01-01 12:52:43,486 DEBUG current cursor position - y: 0 x: 16
2023-01-01 12:52:43,487 DEBUG 

2023-01-01 12:52:43,487 DEBUG new line detected
2023-01-01 12:52:43,487 DEBUG new locations - y: 1 x: 0
2023-01-01 12:52:44,197 DEBUG current cursor position - y: 1 x: 0
2023-01-01 12:52:44,198 DEBUG s
2023-01-01 12:52:44,198 DEBUG multiple lines detected
2023-01-01 12:52:44,198 DEBUG len line length: [16] y: 1
2023-01-01 12:53:23,927 INFO begin
2023-01-01 12:53:24,871 DEBUG current cursor position - y: 0 x: 0
2023-01-01 12:53:24,871 DEBUG n
2023-01-01 12:53:24,871 DEBUG new locations - y: 0 x: 1
2023-01-01 12:53:24,958 DEBUG current cursor position - y: 0 x: 1
2023-01-01 12:53:24,958 DEBUG e
2023-01-01 12:53:24,958 DEBUG new locations - y: 0 x: 2
2023-01-01 12:53:25,005 DEBUG current cursor position - y: 0 x: 2
2023-01-01 12:53:25,005 DEBUG w
2023-01-01 12:53:25,005 DEBUG new locations - y: 0 x: 3
2023-01-01 12:53:25,124 DEBUG current cursor position - y: 0 x: 3
2023-01-01 12:53:25,124 DEBUG  
2023-01-01 12:53:25,124 DEBUG new locations - y: 0 x: 4
2023-01-01 12:53:25,462 DEBUG current cursor position - y: 0 x: 4
2023-01-01 12:53:25,462 DEBUG t
2023-01-01 12:53:25,462 DEBUG new locations - y: 0 x: 5
2023-01-01 12:53:25,597 DEBUG current cursor position - y: 0 x: 5
2023-01-01 12:53:25,597 DEBUG e
2023-01-01 12:53:25,597 DEBUG new locations - y: 0 x: 6
2023-01-01 12:53:26,115 DEBUG current cursor position - y: 0 x: 6
2023-01-01 12:53:26,115 DEBUG a
2023-01-01 12:53:26,116 DEBUG new locations - y: 0 x: 7
2023-01-01 12:53:26,228 DEBUG current cursor position - y: 0 x: 7
2023-01-01 12:53:26,228 DEBUG m
2023-01-01 12:53:26,228 DEBUG new locations - y: 0 x: 8
2023-01-01 12:53:26,545 DEBUG current cursor position - y: 0 x: 8
2023-01-01 12:53:26,545 DEBUG 260
2023-01-01 12:53:26,545 DEBUG new locations - y: 0 x: 7
2023-01-01 12:53:26,719 DEBUG current cursor position - y: 0 x: 7
2023-01-01 12:53:26,719 DEBUG 260
2023-01-01 12:53:26,719 DEBUG new locations - y: 0 x: 6
2023-01-01 12:53:26,881 DEBUG current cursor position - y: 0 x: 6
2023-01-01 12:53:26,882 DEBUG 260
2023-01-01 12:53:26,882 DEBUG new locations - y: 0 x: 5
2023-01-01 12:53:27,037 DEBUG current cursor position - y: 0 x: 5
2023-01-01 12:53:27,037 DEBUG 260
2023-01-01 12:53:27,037 DEBUG new locations - y: 0 x: 4
2023-01-01 12:53:27,304 DEBUG current cursor position - y: 0 x: 4
2023-01-01 12:53:27,304 DEBUG 

2023-01-01 12:53:27,304 DEBUG new line detected
2023-01-01 12:53:27,304 DEBUG new locations - y: 1 x: 0
2023-01-01 12:53:27,513 DEBUG current cursor position - y: 1 x: 0
2023-01-01 12:53:27,513 DEBUG e
2023-01-01 12:53:27,513 DEBUG multiple lines detected
2023-01-01 12:53:27,513 DEBUG len line length: 1 y: 1
2023-01-01 12:53:27,513 DEBUG new locations - y: 1 x: 1
2023-01-01 12:53:28,414 DEBUG current cursor position - y: 1 x: 1
2023-01-01 12:53:28,414 DEBUG v
2023-01-01 12:53:28,414 DEBUG multiple lines detected
2023-01-01 12:53:28,414 DEBUG len line length: 1 y: 1
2023-01-01 12:53:28,414 DEBUG new locations - y: 1 x: 2
2023-01-01 12:53:28,804 DEBUG current cursor position - y: 1 x: 2
2023-01-01 12:53:28,804 DEBUG e
2023-01-01 12:53:28,804 DEBUG multiple lines detected
2023-01-01 12:53:28,805 DEBUG len line length: 1 y: 1
2023-01-01 12:53:28,805 DEBUG new locations - y: 1 x: 3
2023-01-01 12:53:28,984 DEBUG current cursor position - y: 1 x: 3
2023-01-01 12:53:28,984 DEBUG r
2023-01-01 12:53:28,984 DEBUG multiple lines detected
2023-01-01 12:53:28,984 DEBUG len line length: 1 y: 1
2023-01-01 12:53:28,984 DEBUG new locations - y: 1 x: 4
2023-01-01 12:53:29,704 DEBUG current cursor position - y: 1 x: 4
2023-01-01 12:53:29,704 DEBUG y
2023-01-01 12:53:29,704 DEBUG multiple lines detected
2023-01-01 12:53:29,704 DEBUG len line length: 1 y: 1
2023-01-01 12:53:29,704 DEBUG new locations - y: 1 x: 5
2023-01-01 12:53:30,124 DEBUG current cursor position - y: 1 x: 5
2023-01-01 12:53:30,124 DEBUG t
2023-01-01 12:53:30,124 DEBUG multiple lines detected
2023-01-01 12:53:30,124 DEBUG len line length: 1 y: 1
2023-01-01 12:53:30,124 DEBUG new locations - y: 1 x: 6
2023-01-01 12:53:30,203 DEBUG current cursor position - y: 1 x: 6
2023-01-01 12:53:30,203 DEBUG h
2023-01-01 12:53:30,203 DEBUG multiple lines detected
2023-01-01 12:53:30,203 DEBUG len line length: 1 y: 1
2023-01-01 12:53:30,203 DEBUG new locations - y: 1 x: 7
2023-01-01 12:53:30,286 DEBUG current cursor position - y: 1 x: 7
2023-01-01 12:53:30,286 DEBUG i
2023-01-01 12:53:30,286 DEBUG multiple lines detected
2023-01-01 12:53:30,286 DEBUG len line length: 1 y: 1
2023-01-01 12:53:30,286 DEBUG new locations - y: 1 x: 8
2023-01-01 12:53:30,461 DEBUG current cursor position - y: 1 x: 8
2023-01-01 12:53:30,461 DEBUG n
2023-01-01 12:53:30,461 DEBUG multiple lines detected
2023-01-01 12:53:30,461 DEBUG len line length: 1 y: 1
2023-01-01 12:53:30,461 DEBUG new locations - y: 1 x: 9
2023-01-01 12:53:30,565 DEBUG current cursor position - y: 1 x: 9
2023-01-01 12:53:30,565 DEBUG g
2023-01-01 12:53:30,565 DEBUG multiple lines detected
2023-01-01 12:53:30,565 DEBUG len line length: 1 y: 1
2023-01-01 12:53:30,565 DEBUG new locations - y: 1 x: 10
2023-01-01 12:53:31,840 DEBUG current cursor position - y: 1 x: 10
2023-01-01 12:53:31,841 DEBUG  
2023-01-01 12:53:31,841 DEBUG multiple lines detected
2023-01-01 12:53:31,841 DEBUG len line length: 1 y: 1
2023-01-01 12:53:31,841 DEBUG new locations - y: 1 x: 11
2023-01-01 12:53:32,207 DEBUG current cursor position - y: 1 x: 11
2023-01-01 12:53:32,207 DEBUG i
2023-01-01 12:53:32,207 DEBUG multiple lines detected
2023-01-01 12:53:32,207 DEBUG len line length: 1 y: 1
2023-01-01 12:53:32,207 DEBUG new locations - y: 1 x: 12
2023-01-01 12:53:32,332 DEBUG current cursor position - y: 1 x: 12
2023-01-01 12:53:32,333 DEBUG s
2023-01-01 12:53:32,333 DEBUG multiple lines detected
2023-01-01 12:53:32,333 DEBUG len line length: 1 y: 1
2023-01-01 12:53:32,333 DEBUG new locations - y: 1 x: 13
2023-01-01 12:53:32,594 DEBUG current cursor position - y: 1 x: 13
2023-01-01 12:53:32,594 DEBUG  
2023-01-01 12:53:32,595 DEBUG multiple lines detected
2023-01-01 12:53:32,595 DEBUG len line length: 1 y: 1
2023-01-01 12:53:32,595 DEBUG new locations - y: 1 x: 14
2023-01-01 12:53:33,054 DEBUG current cursor position - y: 1 x: 14
2023-01-01 12:53:33,054 DEBUG b
2023-01-01 12:53:33,054 DEBUG multiple lines detected
2023-01-01 12:53:33,055 DEBUG len line length: 1 y: 1
2023-01-01 12:53:33,055 DEBUG new locations - y: 1 x: 15
2023-01-01 12:53:33,255 DEBUG current cursor position - y: 1 x: 15
2023-01-01 12:53:33,255 DEBUG e
2023-01-01 12:53:33,255 DEBUG multiple lines detected
2023-01-01 12:53:33,255 DEBUG len line length: 1 y: 1
2023-01-01 12:53:33,255 DEBUG new locations - y: 1 x: 16
2023-01-01 12:53:33,290 DEBUG current cursor position - y: 1 x: 16
2023-01-01 12:53:33,290 DEBUG r
2023-01-01 12:53:33,290 DEBUG multiple lines detected
2023-01-01 12:53:33,290 DEBUG len line length: 1 y: 1
2023-01-01 12:53:33,290 DEBUG new locations - y: 1 x: 17
2023-01-01 12:53:33,393 DEBUG current cursor position - y: 1 x: 17
2023-01-01 12:53:33,393 DEBUG t
2023-01-01 12:53:33,393 DEBUG multiple lines detected
2023-01-01 12:53:33,393 DEBUG len line length: 1 y: 1
2023-01-01 12:53:33,393 DEBUG new locations - y: 1 x: 18
2023-01-01 12:53:33,599 DEBUG current cursor position - y: 1 x: 18
2023-01-01 12:53:33,599 DEBUG t
2023-01-01 12:53:33,599 DEBUG multiple lines detected
2023-01-01 12:53:33,599 DEBUG len line length: 1 y: 1
2023-01-01 12:53:33,599 DEBUG new locations - y: 1 x: 19
2023-01-01 12:53:34,759 DEBUG current cursor position - y: 1 x: 19
2023-01-01 12:53:34,759 DEBUG 
2023-01-01 12:53:34,759 DEBUG multiple lines detected
2023-01-01 12:53:34,759 DEBUG len line length: 1 y: 1
2023-01-01 12:53:34,759 DEBUG new locations - y: 1 x: 20
2023-01-01 12:53:38,255 INFO begin
2023-01-01 12:53:38,920 DEBUG current cursor position - y: 0 x: 0
2023-01-01 12:53:38,920 DEBUG h
2023-01-01 12:53:38,920 DEBUG new locations - y: 0 x: 1
2023-01-01 12:53:39,069 DEBUG current cursor position - y: 0 x: 1
2023-01-01 12:53:39,069 DEBUG e
2023-01-01 12:53:39,069 DEBUG new locations - y: 0 x: 2
2023-01-01 12:53:39,224 DEBUG current cursor position - y: 0 x: 2
2023-01-01 12:53:39,224 DEBUG l
2023-01-01 12:53:39,224 DEBUG new locations - y: 0 x: 3
2023-01-01 12:53:39,388 DEBUG current cursor position - y: 0 x: 3
2023-01-01 12:53:39,388 DEBUG l
2023-01-01 12:53:39,388 DEBUG new locations - y: 0 x: 4
2023-01-01 12:53:39,568 DEBUG current cursor position - y: 0 x: 4
2023-01-01 12:53:39,568 DEBUG o
2023-01-01 12:53:39,568 DEBUG new locations - y: 0 x: 5
2023-01-01 12:53:40,233 DEBUG current cursor position - y: 0 x: 5
2023-01-01 12:53:40,233 DEBUG 260
2023-01-01 12:53:40,233 DEBUG new locations - y: 0 x: 4
2023-01-01 12:53:40,421 DEBUG current cursor position - y: 0 x: 4
2023-01-01 12:53:40,421 DEBUG 260
2023-01-01 12:53:40,421 DEBUG new locations - y: 0 x: 3
2023-01-01 12:53:40,613 DEBUG current cursor position - y: 0 x: 3
2023-01-01 12:53:40,613 DEBUG 260
2023-01-01 12:53:40,613 DEBUG new locations - y: 0 x: 2
2023-01-01 12:53:45,138 DEBUG current cursor position - y: 0 x: 2
2023-01-01 12:53:45,138 DEBUG 

2023-01-01 12:53:45,138 DEBUG new line detected
2023-01-01 12:53:45,138 DEBUG new locations - y: 1 x: 0
2023-01-01 12:53:54,559 DEBUG current cursor position - y: 1 x: 0
2023-01-01 12:53:54,560 DEBUG a
2023-01-01 12:53:54,560 DEBUG multiple lines detected
2023-01-01 12:53:54,560 DEBUG len line length: 1 y: 1
2023-01-01 12:53:54,560 DEBUG new locations - y: 1 x: 1
2023-01-01 12:54:17,780 INFO begin
2023-01-01 12:54:18,238 DEBUG current cursor position - y: 0 x: 0
2023-01-01 12:54:18,238 DEBUG h
2023-01-01 12:54:18,238 DEBUG new locations - y: 0 x: 1
2023-01-01 12:54:18,342 DEBUG current cursor position - y: 0 x: 1
2023-01-01 12:54:18,342 DEBUG e
2023-01-01 12:54:18,342 DEBUG new locations - y: 0 x: 2
2023-01-01 12:54:18,465 DEBUG current cursor position - y: 0 x: 2
2023-01-01 12:54:18,465 DEBUG l
2023-01-01 12:54:18,465 DEBUG new locations - y: 0 x: 3
2023-01-01 12:54:18,627 DEBUG current cursor position - y: 0 x: 3
2023-01-01 12:54:18,627 DEBUG l
2023-01-01 12:54:18,627 DEBUG new locations - y: 0 x: 4
2023-01-01 12:54:18,809 DEBUG current cursor position - y: 0 x: 4
2023-01-01 12:54:18,809 DEBUG o
2023-01-01 12:54:18,809 DEBUG new locations - y: 0 x: 5
2023-01-01 12:54:18,984 DEBUG current cursor position - y: 0 x: 5
2023-01-01 12:54:18,984 DEBUG  
2023-01-01 12:54:18,984 DEBUG new locations - y: 0 x: 6
2023-01-01 12:54:19,197 DEBUG current cursor position - y: 0 x: 6
2023-01-01 12:54:19,197 DEBUG w
2023-01-01 12:54:19,197 DEBUG new locations - y: 0 x: 7
2023-01-01 12:54:19,275 DEBUG current cursor position - y: 0 x: 7
2023-01-01 12:54:19,275 DEBUG o
2023-01-01 12:54:19,275 DEBUG new locations - y: 0 x: 8
2023-01-01 12:54:19,378 DEBUG current cursor position - y: 0 x: 8
2023-01-01 12:54:19,378 DEBUG r
2023-01-01 12:54:19,378 DEBUG new locations - y: 0 x: 9
2023-01-01 12:54:19,489 DEBUG current cursor position - y: 0 x: 9
2023-01-01 12:54:19,490 DEBUG l
2023-01-01 12:54:19,490 DEBUG new locations - y: 0 x: 10
2023-01-01 12:54:19,587 DEBUG current cursor position - y: 0 x: 10
2023-01-01 12:54:19,587 DEBUG d
2023-01-01 12:54:19,587 DEBUG new locations - y: 0 x: 11
2023-01-01 12:54:19,892 DEBUG current cursor position - y: 0 x: 11
2023-01-01 12:54:19,892 DEBUG 260
2023-01-01 12:54:19,892 DEBUG new locations - y: 0 x: 10
2023-01-01 12:54:20,085 DEBUG current cursor position - y: 0 x: 10
2023-01-01 12:54:20,085 DEBUG 260
2023-01-01 12:54:20,085 DEBUG new locations - y: 0 x: 9
2023-01-01 12:54:20,248 DEBUG current cursor position - y: 0 x: 9
2023-01-01 12:54:20,248 DEBUG 260
2023-01-01 12:54:20,248 DEBUG new locations - y: 0 x: 8
2023-01-01 12:54:20,399 DEBUG current cursor position - y: 0 x: 8
2023-01-01 12:54:20,399 DEBUG 260
2023-01-01 12:54:20,399 DEBUG new locations - y: 0 x: 7
2023-01-01 12:54:20,543 DEBUG current cursor position - y: 0 x: 7
2023-01-01 12:54:20,543 DEBUG 260
2023-01-01 12:54:20,543 DEBUG new locations - y: 0 x: 6
2023-01-01 12:54:20,994 DEBUG current cursor position - y: 0 x: 6
2023-01-01 12:54:20,994 DEBUG 

2023-01-01 12:54:20,994 DEBUG new line detected
2023-01-01 12:54:20,994 DEBUG new locations - y: 1 x: 0
2023-01-01 12:54:21,795 DEBUG current cursor position - y: 1 x: 0
2023-01-01 12:54:21,795 DEBUG h
2023-01-01 12:54:21,795 DEBUG multiple lines detected
2023-01-01 12:54:21,795 DEBUG len line length: 1 y: 1
2023-01-01 12:54:21,795 DEBUG new locations - y: 1 x: 1
2023-01-01 12:54:22,209 DEBUG current cursor position - y: 1 x: 1
2023-01-01 12:54:22,209 DEBUG i
2023-01-01 12:54:22,209 DEBUG multiple lines detected
2023-01-01 12:54:22,209 DEBUG len line length: 1 y: 1
2023-01-01 12:54:22,209 DEBUG new locations - y: 1 x: 2
2023-01-01 12:54:22,422 DEBUG current cursor position - y: 1 x: 2
2023-01-01 12:54:22,422 DEBUG  
2023-01-01 12:54:22,422 DEBUG multiple lines detected
2023-01-01 12:54:22,422 DEBUG len line length: 1 y: 1
2023-01-01 12:54:22,422 DEBUG new locations - y: 1 x: 3
2023-01-01 12:54:22,858 DEBUG current cursor position - y: 1 x: 3
2023-01-01 12:54:22,858 DEBUG h
2023-01-01 12:54:22,858 DEBUG multiple lines detected
2023-01-01 12:54:22,858 DEBUG len line length: 1 y: 1
2023-01-01 12:54:22,858 DEBUG new locations - y: 1 x: 4
2023-01-01 12:54:22,964 DEBUG current cursor position - y: 1 x: 4
2023-01-01 12:54:22,964 DEBUG o
2023-01-01 12:54:22,964 DEBUG multiple lines detected
2023-01-01 12:54:22,964 DEBUG len line length: 1 y: 1
2023-01-01 12:54:22,964 DEBUG new locations - y: 1 x: 5
2023-01-01 12:54:23,066 DEBUG current cursor position - y: 1 x: 5
2023-01-01 12:54:23,066 DEBUG w
2023-01-01 12:54:23,066 DEBUG multiple lines detected
2023-01-01 12:54:23,066 DEBUG len line length: 1 y: 1
2023-01-01 12:54:23,066 DEBUG new locations - y: 1 x: 6
2023-01-01 12:54:23,163 DEBUG current cursor position - y: 1 x: 6
2023-01-01 12:54:23,163 DEBUG  
2023-01-01 12:54:23,163 DEBUG multiple lines detected
2023-01-01 12:54:23,163 DEBUG len line length: 1 y: 1
2023-01-01 12:54:23,163 DEBUG new locations - y: 1 x: 7
2023-01-01 12:54:23,267 DEBUG current cursor position - y: 1 x: 7
2023-01-01 12:54:23,267 DEBUG i
2023-01-01 12:54:23,267 DEBUG multiple lines detected
2023-01-01 12:54:23,267 DEBUG len line length: 1 y: 1
2023-01-01 12:54:23,267 DEBUG new locations - y: 1 x: 8
2023-01-01 12:54:23,377 DEBUG current cursor position - y: 1 x: 8
2023-01-01 12:54:23,377 DEBUG d
2023-01-01 12:54:23,377 DEBUG multiple lines detected
2023-01-01 12:54:23,377 DEBUG len line length: 1 y: 1
2023-01-01 12:54:23,377 DEBUG new locations - y: 1 x: 9
2023-01-01 12:54:23,483 DEBUG current cursor position - y: 1 x: 9
2023-01-01 12:54:23,483 DEBUG  
2023-01-01 12:54:23,483 DEBUG multiple lines detected
2023-01-01 12:54:23,483 DEBUG len line length: 1 y: 1
2023-01-01 12:54:23,483 DEBUG new locations - y: 1 x: 10
2023-01-01 12:54:23,610 DEBUG current cursor position - y: 1 x: 10
2023-01-01 12:54:23,611 DEBUG i
2023-01-01 12:54:23,611 DEBUG multiple lines detected
2023-01-01 12:54:23,611 DEBUG len line length: 1 y: 1
2023-01-01 12:54:23,611 DEBUG new locations - y: 1 x: 11
2023-01-01 12:54:23,682 DEBUG current cursor position - y: 1 x: 11
2023-01-01 12:54:23,682 DEBUG t
2023-01-01 12:54:23,682 DEBUG multiple lines detected
2023-01-01 12:54:23,682 DEBUG len line length: 1 y: 1
2023-01-01 12:54:23,682 DEBUG new locations - y: 1 x: 12
2023-01-01 12:54:23,787 DEBUG current cursor position - y: 1 x: 12
2023-01-01 12:54:23,787 DEBUG  
2023-01-01 12:54:23,787 DEBUG multiple lines detected
2023-01-01 12:54:23,787 DEBUG len line length: 1 y: 1
2023-01-01 12:54:23,787 DEBUG new locations - y: 1 x: 13
2023-01-01 12:54:24,346 DEBUG current cursor position - y: 1 x: 13
2023-01-01 12:54:24,346 DEBUG 263
2023-01-01 12:54:24,346 DEBUG new locations - y: 1 x: 12
2023-01-01 12:54:24,517 DEBUG current cursor position - y: 1 x: 12
2023-01-01 12:54:24,517 DEBUG 263
2023-01-01 12:54:24,517 DEBUG new locations - y: 1 x: 11
2023-01-01 12:54:24,699 DEBUG current cursor position - y: 1 x: 11
2023-01-01 12:54:24,699 DEBUG 263
2023-01-01 12:54:24,699 DEBUG new locations - y: 1 x: 10
2023-01-01 12:54:24,860 DEBUG current cursor position - y: 1 x: 10
2023-01-01 12:54:24,860 DEBUG 263
2023-01-01 12:54:24,860 DEBUG new locations - y: 1 x: 9
2023-01-01 12:54:27,110 DEBUG current cursor position - y: 1 x: 9
2023-01-01 12:54:27,110 DEBUG h
2023-01-01 12:54:27,111 DEBUG multiple lines detected
2023-01-01 12:54:27,111 DEBUG len line length: 1 y: 1
2023-01-01 12:54:27,111 DEBUG new locations - y: 1 x: 10
2023-01-01 12:54:27,214 DEBUG current cursor position - y: 1 x: 10
2023-01-01 12:54:27,214 DEBUG o
2023-01-01 12:54:27,214 DEBUG multiple lines detected
2023-01-01 12:54:27,214 DEBUG len line length: 1 y: 1
2023-01-01 12:54:27,214 DEBUG new locations - y: 1 x: 11
2023-01-01 12:54:27,344 DEBUG current cursor position - y: 1 x: 11
2023-01-01 12:54:27,344 DEBUG w
2023-01-01 12:54:27,344 DEBUG multiple lines detected
2023-01-01 12:54:27,344 DEBUG len line length: 1 y: 1
2023-01-01 12:54:27,344 DEBUG new locations - y: 1 x: 12
2023-01-01 12:54:27,503 DEBUG current cursor position - y: 1 x: 12
2023-01-01 12:54:27,503 DEBUG  
2023-01-01 12:54:27,503 DEBUG multiple lines detected
2023-01-01 12:54:27,503 DEBUG len line length: 1 y: 1
2023-01-01 12:54:27,503 DEBUG new locations - y: 1 x: 13
2023-01-01 12:54:27,812 DEBUG current cursor position - y: 1 x: 13
2023-01-01 12:54:27,812 DEBUG i
2023-01-01 12:54:27,812 DEBUG multiple lines detected
2023-01-01 12:54:27,812 DEBUG len line length: 1 y: 1
2023-01-01 12:54:27,812 DEBUG new locations - y: 1 x: 14
2023-01-01 12:54:27,914 DEBUG current cursor position - y: 1 x: 14
2023-01-01 12:54:27,914 DEBUG s
2023-01-01 12:54:27,914 DEBUG multiple lines detected
2023-01-01 12:54:27,914 DEBUG len line length: 1 y: 1
2023-01-01 12:54:27,914 DEBUG new locations - y: 1 x: 15
2023-01-01 12:54:28,043 DEBUG current cursor position - y: 1 x: 15
2023-01-01 12:54:28,043 DEBUG  
2023-01-01 12:54:28,043 DEBUG multiple lines detected
2023-01-01 12:54:28,043 DEBUG len line length: 1 y: 1
2023-01-01 12:54:28,043 DEBUG new locations - y: 1 x: 16
2023-01-01 12:54:28,253 DEBUG current cursor position - y: 1 x: 16
2023-01-01 12:54:28,253 DEBUG i
2023-01-01 12:54:28,253 DEBUG multiple lines detected
2023-01-01 12:54:28,253 DEBUG len line length: 1 y: 1
2023-01-01 12:54:28,253 DEBUG new locations - y: 1 x: 17
2023-01-01 12:54:28,400 DEBUG current cursor position - y: 1 x: 17
2023-01-01 12:54:28,400 DEBUG t
2023-01-01 12:54:28,400 DEBUG multiple lines detected
2023-01-01 12:54:28,400 DEBUG len line length: 1 y: 1
2023-01-01 12:54:28,400 DEBUG new locations - y: 1 x: 18
2023-01-01 12:54:28,456 DEBUG current cursor position - y: 1 x: 18
2023-01-01 12:54:28,456 DEBUG  
2023-01-01 12:54:28,456 DEBUG multiple lines detected
2023-01-01 12:54:28,456 DEBUG len line length: 1 y: 1
2023-01-01 12:54:28,456 DEBUG new locations - y: 1 x: 19
2023-01-01 12:54:28,908 DEBUG current cursor position - y: 1 x: 19
2023-01-01 12:54:28,909 DEBUG g
2023-01-01 12:54:28,909 DEBUG multiple lines detected
2023-01-01 12:54:28,909 DEBUG len line length: 1 y: 1
2023-01-01 12:54:28,909 DEBUG new locations - y: 1 x: 20
2023-01-01 12:54:28,984 DEBUG current cursor position - y: 1 x: 20
2023-01-01 12:54:28,984 DEBUG o
2023-01-01 12:54:28,984 DEBUG multiple lines detected
2023-01-01 12:54:28,984 DEBUG len line length: 1 y: 1
2023-01-01 12:54:28,984 DEBUG new locations - y: 1 x: 21
2023-01-01 12:54:29,107 DEBUG current cursor position - y: 1 x: 21
2023-01-01 12:54:29,107 DEBUG i
2023-01-01 12:54:29,107 DEBUG multiple lines detected
2023-01-01 12:54:29,107 DEBUG len line length: 1 y: 1
2023-01-01 12:54:29,107 DEBUG new locations - y: 1 x: 22
2023-01-01 12:54:29,245 DEBUG current cursor position - y: 1 x: 22
2023-01-01 12:54:29,245 DEBUG n
2023-01-01 12:54:29,245 DEBUG multiple lines detected
2023-01-01 12:54:29,245 DEBUG len line length: 1 y: 1
2023-01-01 12:54:29,245 DEBUG new locations - y: 1 x: 23
2023-01-01 12:54:29,398 DEBUG current cursor position - y: 1 x: 23
2023-01-01 12:54:29,399 DEBUG g
2023-01-01 12:54:29,399 DEBUG multiple lines detected
2023-01-01 12:54:29,399 DEBUG len line length: 1 y: 1
2023-01-01 12:54:29,399 DEBUG new locations - y: 1 x: 24
2023-01-01 12:54:29,524 DEBUG current cursor position - y: 1 x: 24
2023-01-01 12:54:29,524 DEBUG  
2023-01-01 12:54:29,524 DEBUG multiple lines detected
2023-01-01 12:54:29,524 DEBUG len line length: 1 y: 1
2023-01-01 12:54:29,524 DEBUG new locations - y: 1 x: 25
